{"/home/bridgeit/Documents/Fundoo/server/server.js":{"path":"/home/bridgeit/Documents/Fundoo/server/server.js","statementMap":{"0":{"start":{"line":9,"column":16},"end":{"line":9,"column":34}},"1":{"start":{"line":11,"column":12},"end":{"line":11,"column":21}},"2":{"start":{"line":12,"column":13},"end":{"line":12,"column":28}},"3":{"start":{"line":14,"column":12},"end":{"line":14,"column":44}},"4":{"start":{"line":15,"column":15},"end":{"line":15,"column":42}},"5":{"start":{"line":17,"column":17},"end":{"line":17,"column":36}},"6":{"start":{"line":18,"column":19},"end":{"line":18,"column":41}},"7":{"start":{"line":19,"column":14},"end":{"line":19,"column":42}},"8":{"start":{"line":20,"column":0},"end":{"line":20,"column":27}},"9":{"start":{"line":23,"column":0},"end":{"line":23,"column":34}},"10":{"start":{"line":28,"column":0},"end":{"line":28,"column":27}},"11":{"start":{"line":29,"column":0},"end":{"line":29,"column":51}},"12":{"start":{"line":30,"column":0},"end":{"line":30,"column":16}},"13":{"start":{"line":35,"column":0},"end":{"line":35,"column":21}},"14":{"start":{"line":37,"column":0},"end":{"line":39,"column":2}},"15":{"start":{"line":38,"column":4},"end":{"line":38,"column":35}},"16":{"start":{"line":41,"column":0},"end":{"line":43,"column":2}},"17":{"start":{"line":42,"column":4},"end":{"line":42,"column":31}},"18":{"start":{"line":45,"column":0},"end":{"line":47,"column":2}},"19":{"start":{"line":46,"column":4},"end":{"line":46,"column":38}},"20":{"start":{"line":54,"column":4},"end":{"line":54,"column":42}},"21":{"start":{"line":55,"column":4},"end":{"line":55,"column":55}},"22":{"start":{"line":56,"column":4},"end":{"line":56,"column":98}},"23":{"start":{"line":56,"column":49},"end":{"line":56,"column":94}},"24":{"start":{"line":57,"column":4},"end":{"line":57,"column":115}},"25":{"start":{"line":57,"column":43},"end":{"line":57,"column":111}},"26":{"start":{"line":63,"column":0},"end":{"line":68,"column":3}},"27":{"start":{"line":65,"column":4},"end":{"line":65,"column":23}},"28":{"start":{"line":66,"column":4},"end":{"line":66,"column":21}},"29":{"start":{"line":67,"column":4},"end":{"line":67,"column":29}},"30":{"start":{"line":78,"column":0},"end":{"line":84,"column":2}},"31":{"start":{"line":79,"column":4},"end":{"line":82,"column":7}},"32":{"start":{"line":80,"column":8},"end":{"line":80,"column":28}},"33":{"start":{"line":81,"column":8},"end":{"line":81,"column":59}},"34":{"start":{"line":90,"column":0},"end":{"line":90,"column":22}}},"fnMap":{"0":{"name":"(anonymous_0)","decl":{"start":{"line":37,"column":22},"end":{"line":37,"column":23}},"loc":{"start":{"line":37,"column":28},"end":{"line":39,"column":1}},"line":37},"1":{"name":"(anonymous_1)","decl":{"start":{"line":41,"column":18},"end":{"line":41,"column":19}},"loc":{"start":{"line":41,"column":24},"end":{"line":43,"column":1}},"line":41},"2":{"name":"(anonymous_2)","decl":{"start":{"line":45,"column":25},"end":{"line":45,"column":26}},"loc":{"start":{"line":45,"column":31},"end":{"line":47,"column":1}},"line":45},"3":{"name":"startMongoDb","decl":{"start":{"line":53,"column":9},"end":{"line":53,"column":21}},"loc":{"start":{"line":53,"column":29},"end":{"line":58,"column":1}},"line":53},"4":{"name":"(anonymous_4)","decl":{"start":{"line":56,"column":36},"end":{"line":56,"column":37}},"loc":{"start":{"line":56,"column":47},"end":{"line":56,"column":96}},"line":56},"5":{"name":"(anonymous_5)","decl":{"start":{"line":57,"column":35},"end":{"line":57,"column":36}},"loc":{"start":{"line":57,"column":41},"end":{"line":57,"column":113}},"line":57},"6":{"name":"(anonymous_6)","decl":{"start":{"line":63,"column":8},"end":{"line":63,"column":9}},"loc":{"start":{"line":63,"column":39},"end":{"line":68,"column":1}},"line":63},"7":{"name":"(anonymous_7)","decl":{"start":{"line":79,"column":21},"end":{"line":79,"column":22}},"loc":{"start":{"line":79,"column":27},"end":{"line":82,"column":5}},"line":79}},"branchMap":{"0":{"loc":{"start":{"line":78,"column":0},"end":{"line":84,"column":2}},"type":"if","locations":[{"start":{"line":78,"column":0},"end":{"line":84,"column":2}},{"start":{"line":78,"column":0},"end":{"line":84,"column":2}}],"line":78}},"s":{"0":1,"1":1,"2":1,"3":1,"4":1,"5":1,"6":1,"7":1,"8":1,"9":1,"10":1,"11":1,"12":1,"13":1,"14":1,"15":1,"16":1,"17":0,"18":1,"19":0,"20":0,"21":0,"22":0,"23":0,"24":0,"25":0,"26":1,"27":1,"28":1,"29":1,"30":1,"31":0,"32":0,"33":0,"34":1},"f":{"0":1,"1":0,"2":0,"3":0,"4":0,"5":0,"6":1,"7":0},"b":{"0":[0,1]},"_coverageSchema":"43e27e138ebf9cfc5966b082cf9a028302ed4184","hash":"f287e5ff50d067c53b80fb358665a6a788e32120","contentHash":"cafb6331674793ad90eba425d826da6d"},"/home/bridgeit/Documents/Fundoo/server/route/route.js":{"path":"/home/bridgeit/Documents/Fundoo/server/route/route.js","statementMap":{"0":{"start":{"line":12,"column":16},"end":{"line":12,"column":34}},"1":{"start":{"line":13,"column":12},"end":{"line":13,"column":44}},"2":{"start":{"line":14,"column":15},"end":{"line":14,"column":31}},"3":{"start":{"line":16,"column":19},"end":{"line":16,"column":58}},"4":{"start":{"line":17,"column":23},"end":{"line":17,"column":62}},"5":{"start":{"line":19,"column":19},"end":{"line":19,"column":58}},"6":{"start":{"line":20,"column":23},"end":{"line":20,"column":62}},"7":{"start":{"line":21,"column":24},"end":{"line":21,"column":64}},"8":{"start":{"line":23,"column":15},"end":{"line":23,"column":32}},"9":{"start":{"line":24,"column":13},"end":{"line":24,"column":41}},"10":{"start":{"line":30,"column":18},"end":{"line":30,"column":47}},"11":{"start":{"line":31,"column":24},"end":{"line":31,"column":58}},"12":{"start":{"line":33,"column":0},"end":{"line":33,"column":33}},"13":{"start":{"line":34,"column":0},"end":{"line":34,"column":50}},"14":{"start":{"line":41,"column":0},"end":{"line":41,"column":87}},"15":{"start":{"line":46,"column":0},"end":{"line":46,"column":49}},"16":{"start":{"line":51,"column":0},"end":{"line":51,"column":81}},"17":{"start":{"line":56,"column":0},"end":{"line":56,"column":117}},"18":{"start":{"line":61,"column":0},"end":{"line":61,"column":105}},"19":{"start":{"line":67,"column":0},"end":{"line":67,"column":80}},"20":{"start":{"line":72,"column":0},"end":{"line":72,"column":100}},"21":{"start":{"line":77,"column":0},"end":{"line":77,"column":92}},"22":{"start":{"line":82,"column":0},"end":{"line":82,"column":68}},"23":{"start":{"line":90,"column":0},"end":{"line":94,"column":65}},"24":{"start":{"line":91,"column":3},"end":{"line":91,"column":49}},"25":{"start":{"line":93,"column":4},"end":{"line":93,"column":11}},"26":{"start":{"line":131,"column":0},"end":{"line":131,"column":150}},"27":{"start":{"line":139,"column":0},"end":{"line":139,"column":90}},"28":{"start":{"line":144,"column":0},"end":{"line":144,"column":100}},"29":{"start":{"line":149,"column":0},"end":{"line":149,"column":106}},"30":{"start":{"line":154,"column":0},"end":{"line":154,"column":96}},"31":{"start":{"line":159,"column":0},"end":{"line":159,"column":100}},"32":{"start":{"line":164,"column":0},"end":{"line":167,"column":72}},"33":{"start":{"line":165,"column":2},"end":{"line":165,"column":36}},"34":{"start":{"line":166,"column":2},"end":{"line":166,"column":9}},"35":{"start":{"line":172,"column":0},"end":{"line":172,"column":90}},"36":{"start":{"line":177,"column":0},"end":{"line":177,"column":122}},"37":{"start":{"line":185,"column":0},"end":{"line":185,"column":87}},"38":{"start":{"line":190,"column":0},"end":{"line":190,"column":93}},"39":{"start":{"line":195,"column":0},"end":{"line":195,"column":93}},"40":{"start":{"line":200,"column":0},"end":{"line":200,"column":138}},"41":{"start":{"line":207,"column":0},"end":{"line":207,"column":88}},"42":{"start":{"line":212,"column":0},"end":{"line":212,"column":95}},"43":{"start":{"line":218,"column":0},"end":{"line":218,"column":24}}},"fnMap":{"0":{"name":"(anonymous_0)","decl":{"start":{"line":90,"column":53},"end":{"line":90,"column":54}},"loc":{"start":{"line":90,"column":79},"end":{"line":94,"column":3}},"line":90},"1":{"name":"(anonymous_1)","decl":{"start":{"line":164,"column":56},"end":{"line":164,"column":57}},"loc":{"start":{"line":164,"column":76},"end":{"line":167,"column":1}},"line":164}},"branchMap":{},"s":{"0":1,"1":1,"2":1,"3":1,"4":1,"5":1,"6":1,"7":1,"8":1,"9":1,"10":1,"11":1,"12":1,"13":1,"14":1,"15":1,"16":1,"17":1,"18":1,"19":1,"20":1,"21":1,"22":1,"23":1,"24":0,"25":0,"26":1,"27":1,"28":1,"29":1,"30":1,"31":1,"32":1,"33":0,"34":0,"35":1,"36":1,"37":1,"38":1,"39":1,"40":1,"41":1,"42":1,"43":1},"f":{"0":0,"1":0},"b":{},"_coverageSchema":"43e27e138ebf9cfc5966b082cf9a028302ed4184","hash":"3206bb4937a48d52a7323b94f6a6ae6150686a14","contentHash":"1e9413016135174b267b0e58bb53919d"},"/home/bridgeit/Documents/Fundoo/server/middleware/UserMiddleware.js":{"path":"/home/bridgeit/Documents/Fundoo/server/middleware/UserMiddleware.js","statementMap":{"0":{"start":{"line":9,"column":23},"end":{"line":9,"column":55}},"1":{"start":{"line":14,"column":0},"end":{"line":52,"column":1}},"2":{"start":{"line":15,"column":4},"end":{"line":50,"column":5}},"3":{"start":{"line":17,"column":8},"end":{"line":17,"column":134}},"4":{"start":{"line":17,"column":115},"end":{"line":17,"column":134}},"5":{"start":{"line":19,"column":12},"end":{"line":19,"column":150}},"6":{"start":{"line":19,"column":128},"end":{"line":19,"column":150}},"7":{"start":{"line":21,"column":16},"end":{"line":21,"column":128}},"8":{"start":{"line":21,"column":105},"end":{"line":21,"column":128}},"9":{"start":{"line":23,"column":20},"end":{"line":23,"column":104}},"10":{"start":{"line":23,"column":71},"end":{"line":23,"column":104}},"11":{"start":{"line":25,"column":24},"end":{"line":25,"column":122}},"12":{"start":{"line":25,"column":96},"end":{"line":25,"column":122}},"13":{"start":{"line":27,"column":28},"end":{"line":27,"column":35}},"14":{"start":{"line":35,"column":8},"end":{"line":48,"column":9}},"15":{"start":{"line":42,"column":12},"end":{"line":42,"column":41}},"16":{"start":{"line":43,"column":12},"end":{"line":43,"column":38}},"17":{"start":{"line":46,"column":12},"end":{"line":46,"column":39}},"18":{"start":{"line":57,"column":0},"end":{"line":89,"column":1}},"19":{"start":{"line":58,"column":4},"end":{"line":58,"column":32}},"20":{"start":{"line":59,"column":4},"end":{"line":59,"column":26}},"21":{"start":{"line":60,"column":4},"end":{"line":88,"column":5}},"22":{"start":{"line":61,"column":8},"end":{"line":61,"column":133}},"23":{"start":{"line":61,"column":114},"end":{"line":61,"column":133}},"24":{"start":{"line":63,"column":12},"end":{"line":63,"column":153}},"25":{"start":{"line":63,"column":131},"end":{"line":63,"column":153}},"26":{"start":{"line":65,"column":16},"end":{"line":65,"column":99}},"27":{"start":{"line":65,"column":68},"end":{"line":65,"column":99}},"28":{"start":{"line":67,"column":20},"end":{"line":67,"column":112}},"29":{"start":{"line":67,"column":88},"end":{"line":67,"column":112}},"30":{"start":{"line":69,"column":24},"end":{"line":69,"column":31}},"31":{"start":{"line":76,"column":8},"end":{"line":87,"column":9}},"32":{"start":{"line":83,"column":12},"end":{"line":83,"column":41}},"33":{"start":{"line":84,"column":12},"end":{"line":84,"column":38}},"34":{"start":{"line":86,"column":12},"end":{"line":86,"column":39}},"35":{"start":{"line":94,"column":0},"end":{"line":127,"column":1}},"36":{"start":{"line":95,"column":4},"end":{"line":95,"column":37}},"37":{"start":{"line":96,"column":4},"end":{"line":96,"column":26}},"38":{"start":{"line":97,"column":4},"end":{"line":97,"column":37}},"39":{"start":{"line":99,"column":4},"end":{"line":126,"column":5}},"40":{"start":{"line":101,"column":8},"end":{"line":101,"column":133}},"41":{"start":{"line":101,"column":114},"end":{"line":101,"column":133}},"42":{"start":{"line":103,"column":12},"end":{"line":103,"column":134}},"43":{"start":{"line":103,"column":116},"end":{"line":103,"column":134}},"44":{"start":{"line":105,"column":16},"end":{"line":105,"column":128}},"45":{"start":{"line":105,"column":107},"end":{"line":105,"column":128}},"46":{"start":{"line":107,"column":20},"end":{"line":107,"column":27}},"47":{"start":{"line":114,"column":8},"end":{"line":125,"column":9}},"48":{"start":{"line":121,"column":12},"end":{"line":121,"column":41}},"49":{"start":{"line":122,"column":12},"end":{"line":122,"column":38}},"50":{"start":{"line":124,"column":12},"end":{"line":124,"column":39}},"51":{"start":{"line":132,"column":0},"end":{"line":158,"column":1}},"52":{"start":{"line":135,"column":4},"end":{"line":157,"column":5}},"53":{"start":{"line":136,"column":8},"end":{"line":136,"column":135}},"54":{"start":{"line":136,"column":115},"end":{"line":136,"column":135}},"55":{"start":{"line":138,"column":12},"end":{"line":138,"column":124}},"56":{"start":{"line":138,"column":103},"end":{"line":138,"column":124}},"57":{"start":{"line":140,"column":16},"end":{"line":140,"column":23}},"58":{"start":{"line":145,"column":8},"end":{"line":156,"column":9}},"59":{"start":{"line":152,"column":12},"end":{"line":152,"column":41}},"60":{"start":{"line":153,"column":12},"end":{"line":153,"column":38}},"61":{"start":{"line":155,"column":12},"end":{"line":155,"column":39}},"62":{"start":{"line":163,"column":0},"end":{"line":188,"column":1}},"63":{"start":{"line":165,"column":4},"end":{"line":187,"column":5}},"64":{"start":{"line":166,"column":8},"end":{"line":166,"column":135}},"65":{"start":{"line":166,"column":115},"end":{"line":166,"column":135}},"66":{"start":{"line":168,"column":12},"end":{"line":168,"column":124}},"67":{"start":{"line":168,"column":103},"end":{"line":168,"column":124}},"68":{"start":{"line":170,"column":16},"end":{"line":170,"column":23}},"69":{"start":{"line":175,"column":8},"end":{"line":186,"column":9}},"70":{"start":{"line":182,"column":12},"end":{"line":182,"column":41}},"71":{"start":{"line":183,"column":12},"end":{"line":183,"column":38}},"72":{"start":{"line":185,"column":12},"end":{"line":185,"column":39}}},"fnMap":{"0":{"name":"login_middleware","decl":{"start":{"line":14,"column":35},"end":{"line":14,"column":51}},"loc":{"start":{"line":14,"column":68},"end":{"line":52,"column":1}},"line":14},"1":{"name":"(anonymous_1)","decl":{"start":{"line":57,"column":29},"end":{"line":57,"column":30}},"loc":{"start":{"line":57,"column":55},"end":{"line":89,"column":1}},"line":57},"2":{"name":"(anonymous_2)","decl":{"start":{"line":94,"column":39},"end":{"line":94,"column":40}},"loc":{"start":{"line":94,"column":65},"end":{"line":127,"column":1}},"line":94},"3":{"name":"(anonymous_3)","decl":{"start":{"line":132,"column":27},"end":{"line":132,"column":28}},"loc":{"start":{"line":132,"column":53},"end":{"line":158,"column":1}},"line":132},"4":{"name":"(anonymous_4)","decl":{"start":{"line":163,"column":35},"end":{"line":163,"column":36}},"loc":{"start":{"line":163,"column":61},"end":{"line":188,"column":1}},"line":163}},"branchMap":{"0":{"loc":{"start":{"line":17,"column":8},"end":{"line":17,"column":134}},"type":"if","locations":[{"start":{"line":17,"column":8},"end":{"line":17,"column":134}},{"start":{"line":17,"column":8},"end":{"line":17,"column":134}}],"line":17},"1":{"loc":{"start":{"line":17,"column":12},"end":{"line":17,"column":113}},"type":"binary-expr","locations":[{"start":{"line":17,"column":12},"end":{"line":17,"column":40}},{"start":{"line":17,"column":44},"end":{"line":17,"column":76}},{"start":{"line":17,"column":80},"end":{"line":17,"column":113}}],"line":17},"2":{"loc":{"start":{"line":19,"column":12},"end":{"line":19,"column":150}},"type":"if","locations":[{"start":{"line":19,"column":12},"end":{"line":19,"column":150}},{"start":{"line":19,"column":12},"end":{"line":19,"column":150}}],"line":19},"3":{"loc":{"start":{"line":19,"column":16},"end":{"line":19,"column":126}},"type":"binary-expr","locations":[{"start":{"line":19,"column":16},"end":{"line":19,"column":47}},{"start":{"line":19,"column":51},"end":{"line":19,"column":86}},{"start":{"line":19,"column":90},"end":{"line":19,"column":126}}],"line":19},"4":{"loc":{"start":{"line":21,"column":16},"end":{"line":21,"column":128}},"type":"if","locations":[{"start":{"line":21,"column":16},"end":{"line":21,"column":128}},{"start":{"line":21,"column":16},"end":{"line":21,"column":128}}],"line":21},"5":{"loc":{"start":{"line":23,"column":20},"end":{"line":23,"column":104}},"type":"if","locations":[{"start":{"line":23,"column":20},"end":{"line":23,"column":104}},{"start":{"line":23,"column":20},"end":{"line":23,"column":104}}],"line":23},"6":{"loc":{"start":{"line":25,"column":24},"end":{"line":25,"column":122}},"type":"if","locations":[{"start":{"line":25,"column":24},"end":{"line":25,"column":122}},{"start":{"line":25,"column":24},"end":{"line":25,"column":122}}],"line":25},"7":{"loc":{"start":{"line":35,"column":8},"end":{"line":48,"column":9}},"type":"if","locations":[{"start":{"line":35,"column":8},"end":{"line":48,"column":9}},{"start":{"line":35,"column":8},"end":{"line":48,"column":9}}],"line":35},"8":{"loc":{"start":{"line":35,"column":12},"end":{"line":40,"column":39}},"type":"binary-expr","locations":[{"start":{"line":35,"column":12},"end":{"line":35,"column":41}},{"start":{"line":36,"column":15},"end":{"line":36,"column":40}},{"start":{"line":37,"column":15},"end":{"line":37,"column":44}},{"start":{"line":38,"column":15},"end":{"line":38,"column":41}},{"start":{"line":39,"column":15},"end":{"line":39,"column":39}},{"start":{"line":40,"column":15},"end":{"line":40,"column":39}}],"line":35},"9":{"loc":{"start":{"line":61,"column":8},"end":{"line":61,"column":133}},"type":"if","locations":[{"start":{"line":61,"column":8},"end":{"line":61,"column":133}},{"start":{"line":61,"column":8},"end":{"line":61,"column":133}}],"line":61},"10":{"loc":{"start":{"line":61,"column":12},"end":{"line":61,"column":112}},"type":"binary-expr","locations":[{"start":{"line":61,"column":12},"end":{"line":61,"column":39}},{"start":{"line":61,"column":43},"end":{"line":61,"column":75}},{"start":{"line":61,"column":79},"end":{"line":61,"column":112}}],"line":61},"11":{"loc":{"start":{"line":63,"column":12},"end":{"line":63,"column":153}},"type":"if","locations":[{"start":{"line":63,"column":12},"end":{"line":63,"column":153}},{"start":{"line":63,"column":12},"end":{"line":63,"column":153}}],"line":63},"12":{"loc":{"start":{"line":63,"column":16},"end":{"line":63,"column":129}},"type":"binary-expr","locations":[{"start":{"line":63,"column":16},"end":{"line":63,"column":48}},{"start":{"line":63,"column":52},"end":{"line":63,"column":88}},{"start":{"line":63,"column":92},"end":{"line":63,"column":129}}],"line":63},"13":{"loc":{"start":{"line":65,"column":16},"end":{"line":65,"column":99}},"type":"if","locations":[{"start":{"line":65,"column":16},"end":{"line":65,"column":99}},{"start":{"line":65,"column":16},"end":{"line":65,"column":99}}],"line":65},"14":{"loc":{"start":{"line":67,"column":20},"end":{"line":67,"column":112}},"type":"if","locations":[{"start":{"line":67,"column":20},"end":{"line":67,"column":112}},{"start":{"line":67,"column":20},"end":{"line":67,"column":112}}],"line":67},"15":{"loc":{"start":{"line":76,"column":8},"end":{"line":87,"column":9}},"type":"if","locations":[{"start":{"line":76,"column":8},"end":{"line":87,"column":9}},{"start":{"line":76,"column":8},"end":{"line":87,"column":9}}],"line":76},"16":{"loc":{"start":{"line":76,"column":12},"end":{"line":81,"column":39}},"type":"binary-expr","locations":[{"start":{"line":76,"column":12},"end":{"line":76,"column":41}},{"start":{"line":77,"column":15},"end":{"line":77,"column":40}},{"start":{"line":78,"column":15},"end":{"line":78,"column":44}},{"start":{"line":79,"column":15},"end":{"line":79,"column":41}},{"start":{"line":80,"column":15},"end":{"line":80,"column":39}},{"start":{"line":81,"column":15},"end":{"line":81,"column":39}}],"line":76},"17":{"loc":{"start":{"line":101,"column":8},"end":{"line":101,"column":133}},"type":"if","locations":[{"start":{"line":101,"column":8},"end":{"line":101,"column":133}},{"start":{"line":101,"column":8},"end":{"line":101,"column":133}}],"line":101},"18":{"loc":{"start":{"line":101,"column":12},"end":{"line":101,"column":112}},"type":"binary-expr","locations":[{"start":{"line":101,"column":12},"end":{"line":101,"column":39}},{"start":{"line":101,"column":43},"end":{"line":101,"column":75}},{"start":{"line":101,"column":79},"end":{"line":101,"column":112}}],"line":101},"19":{"loc":{"start":{"line":103,"column":12},"end":{"line":103,"column":134}},"type":"if","locations":[{"start":{"line":103,"column":12},"end":{"line":103,"column":134}},{"start":{"line":103,"column":12},"end":{"line":103,"column":134}}],"line":103},"20":{"loc":{"start":{"line":103,"column":16},"end":{"line":103,"column":114}},"type":"binary-expr","locations":[{"start":{"line":103,"column":16},"end":{"line":103,"column":43}},{"start":{"line":103,"column":47},"end":{"line":103,"column":78}},{"start":{"line":103,"column":82},"end":{"line":103,"column":114}}],"line":103},"21":{"loc":{"start":{"line":105,"column":16},"end":{"line":105,"column":128}},"type":"if","locations":[{"start":{"line":105,"column":16},"end":{"line":105,"column":128}},{"start":{"line":105,"column":16},"end":{"line":105,"column":128}}],"line":105},"22":{"loc":{"start":{"line":114,"column":8},"end":{"line":125,"column":9}},"type":"if","locations":[{"start":{"line":114,"column":8},"end":{"line":125,"column":9}},{"start":{"line":114,"column":8},"end":{"line":125,"column":9}}],"line":114},"23":{"loc":{"start":{"line":114,"column":12},"end":{"line":119,"column":39}},"type":"binary-expr","locations":[{"start":{"line":114,"column":12},"end":{"line":114,"column":41}},{"start":{"line":115,"column":15},"end":{"line":115,"column":40}},{"start":{"line":116,"column":15},"end":{"line":116,"column":44}},{"start":{"line":117,"column":15},"end":{"line":117,"column":41}},{"start":{"line":118,"column":15},"end":{"line":118,"column":39}},{"start":{"line":119,"column":15},"end":{"line":119,"column":39}}],"line":114},"24":{"loc":{"start":{"line":136,"column":8},"end":{"line":136,"column":135}},"type":"if","locations":[{"start":{"line":136,"column":8},"end":{"line":136,"column":135}},{"start":{"line":136,"column":8},"end":{"line":136,"column":135}}],"line":136},"25":{"loc":{"start":{"line":136,"column":12},"end":{"line":136,"column":113}},"type":"binary-expr","locations":[{"start":{"line":136,"column":12},"end":{"line":136,"column":40}},{"start":{"line":136,"column":44},"end":{"line":136,"column":77}},{"start":{"line":136,"column":81},"end":{"line":136,"column":113}}],"line":136},"26":{"loc":{"start":{"line":138,"column":12},"end":{"line":138,"column":124}},"type":"if","locations":[{"start":{"line":138,"column":12},"end":{"line":138,"column":124}},{"start":{"line":138,"column":12},"end":{"line":138,"column":124}}],"line":138},"27":{"loc":{"start":{"line":145,"column":8},"end":{"line":156,"column":9}},"type":"if","locations":[{"start":{"line":145,"column":8},"end":{"line":156,"column":9}},{"start":{"line":145,"column":8},"end":{"line":156,"column":9}}],"line":145},"28":{"loc":{"start":{"line":145,"column":12},"end":{"line":150,"column":39}},"type":"binary-expr","locations":[{"start":{"line":145,"column":12},"end":{"line":145,"column":41}},{"start":{"line":146,"column":15},"end":{"line":146,"column":40}},{"start":{"line":147,"column":15},"end":{"line":147,"column":44}},{"start":{"line":148,"column":15},"end":{"line":148,"column":41}},{"start":{"line":149,"column":15},"end":{"line":149,"column":39}},{"start":{"line":150,"column":15},"end":{"line":150,"column":39}}],"line":145},"29":{"loc":{"start":{"line":166,"column":8},"end":{"line":166,"column":135}},"type":"if","locations":[{"start":{"line":166,"column":8},"end":{"line":166,"column":135}},{"start":{"line":166,"column":8},"end":{"line":166,"column":135}}],"line":166},"30":{"loc":{"start":{"line":166,"column":12},"end":{"line":166,"column":113}},"type":"binary-expr","locations":[{"start":{"line":166,"column":12},"end":{"line":166,"column":40}},{"start":{"line":166,"column":44},"end":{"line":166,"column":77}},{"start":{"line":166,"column":81},"end":{"line":166,"column":113}}],"line":166},"31":{"loc":{"start":{"line":168,"column":12},"end":{"line":168,"column":124}},"type":"if","locations":[{"start":{"line":168,"column":12},"end":{"line":168,"column":124}},{"start":{"line":168,"column":12},"end":{"line":168,"column":124}}],"line":168},"32":{"loc":{"start":{"line":175,"column":8},"end":{"line":186,"column":9}},"type":"if","locations":[{"start":{"line":175,"column":8},"end":{"line":186,"column":9}},{"start":{"line":175,"column":8},"end":{"line":186,"column":9}}],"line":175},"33":{"loc":{"start":{"line":175,"column":12},"end":{"line":180,"column":39}},"type":"binary-expr","locations":[{"start":{"line":175,"column":12},"end":{"line":175,"column":41}},{"start":{"line":176,"column":15},"end":{"line":176,"column":40}},{"start":{"line":177,"column":15},"end":{"line":177,"column":44}},{"start":{"line":178,"column":15},"end":{"line":178,"column":41}},{"start":{"line":179,"column":15},"end":{"line":179,"column":39}},{"start":{"line":180,"column":15},"end":{"line":180,"column":39}}],"line":175}},"s":{"0":1,"1":1,"2":0,"3":0,"4":0,"5":0,"6":0,"7":0,"8":0,"9":0,"10":0,"11":0,"12":0,"13":0,"14":0,"15":0,"16":0,"17":0,"18":1,"19":0,"20":0,"21":0,"22":0,"23":0,"24":0,"25":0,"26":0,"27":0,"28":0,"29":0,"30":0,"31":0,"32":0,"33":0,"34":0,"35":1,"36":0,"37":0,"38":0,"39":0,"40":0,"41":0,"42":0,"43":0,"44":0,"45":0,"46":0,"47":0,"48":0,"49":0,"50":0,"51":1,"52":0,"53":0,"54":0,"55":0,"56":0,"57":0,"58":0,"59":0,"60":0,"61":0,"62":1,"63":0,"64":0,"65":0,"66":0,"67":0,"68":0,"69":0,"70":0,"71":0,"72":0},"f":{"0":0,"1":0,"2":0,"3":0,"4":0},"b":{"0":[0,0],"1":[0,0,0],"2":[0,0],"3":[0,0,0],"4":[0,0],"5":[0,0],"6":[0,0],"7":[0,0],"8":[0,0,0,0,0,0],"9":[0,0],"10":[0,0,0],"11":[0,0],"12":[0,0,0],"13":[0,0],"14":[0,0],"15":[0,0],"16":[0,0,0,0,0,0],"17":[0,0],"18":[0,0,0],"19":[0,0],"20":[0,0,0],"21":[0,0],"22":[0,0],"23":[0,0,0,0,0,0],"24":[0,0],"25":[0,0,0],"26":[0,0],"27":[0,0],"28":[0,0,0,0,0,0],"29":[0,0],"30":[0,0,0],"31":[0,0],"32":[0,0],"33":[0,0,0,0,0,0]},"_coverageSchema":"43e27e138ebf9cfc5966b082cf9a028302ed4184","hash":"d7a6581d70555f976fa2d1ea9693f0851a06edea","contentHash":"09d8fdf818e847852a4188f36676cb43"},"/home/bridgeit/Documents/Fundoo/server/middleware/NoteMiddleware.js":{"path":"/home/bridgeit/Documents/Fundoo/server/middleware/NoteMiddleware.js","statementMap":{"0":{"start":{"line":8,"column":12},"end":{"line":8,"column":35}},"1":{"start":{"line":9,"column":23},"end":{"line":9,"column":55}},"2":{"start":{"line":14,"column":0},"end":{"line":43,"column":1}},"3":{"start":{"line":15,"column":4},"end":{"line":42,"column":5}},"4":{"start":{"line":17,"column":8},"end":{"line":27,"column":10}},"5":{"start":{"line":19,"column":12},"end":{"line":19,"column":46}},"6":{"start":{"line":23,"column":12},"end":{"line":23,"column":39}},"7":{"start":{"line":23,"column":28},"end":{"line":23,"column":39}},"8":{"start":{"line":25,"column":14},"end":{"line":25,"column":21}},"9":{"start":{"line":30,"column":8},"end":{"line":41,"column":9}},"10":{"start":{"line":37,"column":12},"end":{"line":37,"column":41}},"11":{"start":{"line":38,"column":12},"end":{"line":38,"column":38}},"12":{"start":{"line":40,"column":12},"end":{"line":40,"column":39}}},"fnMap":{"0":{"name":"noteAddMiddleware","decl":{"start":{"line":14,"column":38},"end":{"line":14,"column":55}},"loc":{"start":{"line":14,"column":72},"end":{"line":43,"column":1}},"line":14},"1":{"name":"(anonymous_1)","decl":{"start":{"line":17,"column":62},"end":{"line":17,"column":63}},"loc":{"start":{"line":17,"column":83},"end":{"line":27,"column":9}},"line":17}},"branchMap":{"0":{"loc":{"start":{"line":23,"column":12},"end":{"line":23,"column":39}},"type":"if","locations":[{"start":{"line":23,"column":12},"end":{"line":23,"column":39}},{"start":{"line":23,"column":12},"end":{"line":23,"column":39}}],"line":23},"1":{"loc":{"start":{"line":30,"column":8},"end":{"line":41,"column":9}},"type":"if","locations":[{"start":{"line":30,"column":8},"end":{"line":41,"column":9}},{"start":{"line":30,"column":8},"end":{"line":41,"column":9}}],"line":30},"2":{"loc":{"start":{"line":30,"column":12},"end":{"line":35,"column":39}},"type":"binary-expr","locations":[{"start":{"line":30,"column":12},"end":{"line":30,"column":41}},{"start":{"line":31,"column":15},"end":{"line":31,"column":40}},{"start":{"line":32,"column":15},"end":{"line":32,"column":44}},{"start":{"line":33,"column":15},"end":{"line":33,"column":41}},{"start":{"line":34,"column":15},"end":{"line":34,"column":39}},{"start":{"line":35,"column":15},"end":{"line":35,"column":39}}],"line":30}},"s":{"0":1,"1":1,"2":1,"3":0,"4":0,"5":0,"6":0,"7":0,"8":0,"9":0,"10":0,"11":0,"12":0},"f":{"0":0,"1":0},"b":{"0":[0,0],"1":[0,0],"2":[0,0,0,0,0,0]},"_coverageSchema":"43e27e138ebf9cfc5966b082cf9a028302ed4184","hash":"a9a3aad180b775b10b5171ecc5dee1c979c90a10","contentHash":"06fdf89e3e8c49be534936a69aa5f3ac"},"/home/bridgeit/Documents/Fundoo/server/controller/UserController.js":{"path":"/home/bridgeit/Documents/Fundoo/server/controller/UserController.js","statementMap":{"0":{"start":{"line":8,"column":36},"end":{"line":8,"column":70}},"1":{"start":{"line":9,"column":21},"end":{"line":9,"column":56}},"2":{"start":{"line":10,"column":28},"end":{"line":10,"column":75}},"3":{"start":{"line":11,"column":16},"end":{"line":11,"column":42}},"4":{"start":{"line":13,"column":0},"end":{"line":54,"column":1}},"5":{"start":{"line":15,"column":4},"end":{"line":53,"column":5}},"6":{"start":{"line":17,"column":8},"end":{"line":17,"column":45}},"7":{"start":{"line":18,"column":8},"end":{"line":18,"column":58}},"8":{"start":{"line":21,"column":23},"end":{"line":21,"column":44}},"9":{"start":{"line":22,"column":8},"end":{"line":29,"column":9}},"10":{"start":{"line":23,"column":12},"end":{"line":23,"column":45}},"11":{"start":{"line":25,"column":12},"end":{"line":28,"column":15}},"12":{"start":{"line":31,"column":8},"end":{"line":49,"column":10}},"13":{"start":{"line":33,"column":12},"end":{"line":48,"column":13}},"14":{"start":{"line":35,"column":16},"end":{"line":38,"column":19}},"15":{"start":{"line":42,"column":28},"end":{"line":42,"column":61}},"16":{"start":{"line":43,"column":16},"end":{"line":47,"column":19}},"17":{"start":{"line":52,"column":8},"end":{"line":52,"column":18}},"18":{"start":{"line":59,"column":0},"end":{"line":102,"column":1}},"19":{"start":{"line":61,"column":4},"end":{"line":101,"column":5}},"20":{"start":{"line":63,"column":8},"end":{"line":63,"column":59}},"21":{"start":{"line":64,"column":8},"end":{"line":64,"column":59}},"22":{"start":{"line":67,"column":23},"end":{"line":67,"column":44}},"23":{"start":{"line":68,"column":8},"end":{"line":73,"column":9}},"24":{"start":{"line":69,"column":12},"end":{"line":72,"column":15}},"25":{"start":{"line":75,"column":22},"end":{"line":78,"column":9}},"26":{"start":{"line":79,"column":8},"end":{"line":79,"column":36}},"27":{"start":{"line":80,"column":8},"end":{"line":80,"column":52}},"28":{"start":{"line":83,"column":8},"end":{"line":97,"column":10}},"29":{"start":{"line":85,"column":12},"end":{"line":96,"column":13}},"30":{"start":{"line":86,"column":16},"end":{"line":89,"column":18}},"31":{"start":{"line":92,"column":16},"end":{"line":95,"column":18}},"32":{"start":{"line":100,"column":8},"end":{"line":100,"column":18}},"33":{"start":{"line":107,"column":0},"end":{"line":146,"column":1}},"34":{"start":{"line":109,"column":4},"end":{"line":145,"column":5}},"35":{"start":{"line":111,"column":8},"end":{"line":111,"column":45}},"36":{"start":{"line":114,"column":23},"end":{"line":114,"column":44}},"37":{"start":{"line":115,"column":8},"end":{"line":120,"column":9}},"38":{"start":{"line":116,"column":12},"end":{"line":119,"column":15}},"39":{"start":{"line":122,"column":22},"end":{"line":125,"column":9}},"40":{"start":{"line":127,"column":8},"end":{"line":141,"column":10}},"41":{"start":{"line":129,"column":12},"end":{"line":140,"column":13}},"42":{"start":{"line":130,"column":16},"end":{"line":133,"column":18}},"43":{"start":{"line":136,"column":16},"end":{"line":139,"column":19}},"44":{"start":{"line":144,"column":8},"end":{"line":144,"column":18}},"45":{"start":{"line":151,"column":0},"end":{"line":185,"column":1}},"46":{"start":{"line":153,"column":4},"end":{"line":184,"column":5}},"47":{"start":{"line":155,"column":8},"end":{"line":155,"column":45}},"48":{"start":{"line":158,"column":23},"end":{"line":158,"column":44}},"49":{"start":{"line":159,"column":8},"end":{"line":164,"column":9}},"50":{"start":{"line":160,"column":12},"end":{"line":163,"column":15}},"51":{"start":{"line":166,"column":8},"end":{"line":180,"column":10}},"52":{"start":{"line":168,"column":12},"end":{"line":179,"column":13}},"53":{"start":{"line":169,"column":16},"end":{"line":172,"column":18}},"54":{"start":{"line":175,"column":16},"end":{"line":178,"column":19}},"55":{"start":{"line":183,"column":8},"end":{"line":183,"column":18}},"56":{"start":{"line":190,"column":0},"end":{"line":223,"column":1}},"57":{"start":{"line":191,"column":4},"end":{"line":222,"column":5}},"58":{"start":{"line":193,"column":8},"end":{"line":193,"column":50}},"59":{"start":{"line":196,"column":23},"end":{"line":196,"column":44}},"60":{"start":{"line":197,"column":8},"end":{"line":202,"column":9}},"61":{"start":{"line":198,"column":12},"end":{"line":201,"column":15}},"62":{"start":{"line":204,"column":8},"end":{"line":218,"column":10}},"63":{"start":{"line":206,"column":12},"end":{"line":217,"column":13}},"64":{"start":{"line":207,"column":16},"end":{"line":210,"column":18}},"65":{"start":{"line":213,"column":16},"end":{"line":216,"column":19}},"66":{"start":{"line":221,"column":8},"end":{"line":221,"column":18}},"67":{"start":{"line":230,"column":0},"end":{"line":272,"column":1}},"68":{"start":{"line":232,"column":18},"end":{"line":235,"column":5}},"69":{"start":{"line":236,"column":4},"end":{"line":236,"column":32}},"70":{"start":{"line":239,"column":4},"end":{"line":271,"column":5}},"71":{"start":{"line":241,"column":22},"end":{"line":249,"column":10}},"72":{"start":{"line":242,"column":34},"end":{"line":242,"column":95}},"73":{"start":{"line":243,"column":12},"end":{"line":248,"column":13}},"74":{"start":{"line":244,"column":16},"end":{"line":244,"column":41}},"75":{"start":{"line":247,"column":16},"end":{"line":247,"column":40}},"76":{"start":{"line":251,"column":8},"end":{"line":267,"column":10}},"77":{"start":{"line":252,"column":12},"end":{"line":264,"column":13}},"78":{"start":{"line":253,"column":16},"end":{"line":253,"column":58}},"79":{"start":{"line":254,"column":16},"end":{"line":256,"column":18}},"80":{"start":{"line":259,"column":16},"end":{"line":259,"column":65}},"81":{"start":{"line":261,"column":16},"end":{"line":263,"column":18}},"82":{"start":{"line":266,"column":12},"end":{"line":266,"column":58}},"83":{"start":{"line":270,"column":8},"end":{"line":270,"column":18}},"84":{"start":{"line":277,"column":0},"end":{"line":322,"column":1}},"85":{"start":{"line":279,"column":4},"end":{"line":279,"column":30}},"86":{"start":{"line":282,"column":18},"end":{"line":285,"column":5}},"87":{"start":{"line":286,"column":4},"end":{"line":286,"column":32}},"88":{"start":{"line":287,"column":4},"end":{"line":287,"column":25}},"89":{"start":{"line":289,"column":4},"end":{"line":321,"column":5}},"90":{"start":{"line":290,"column":22},"end":{"line":298,"column":10}},"91":{"start":{"line":291,"column":34},"end":{"line":291,"column":97}},"92":{"start":{"line":292,"column":12},"end":{"line":297,"column":13}},"93":{"start":{"line":293,"column":16},"end":{"line":293,"column":41}},"94":{"start":{"line":296,"column":16},"end":{"line":296,"column":40}},"95":{"start":{"line":300,"column":8},"end":{"line":317,"column":10}},"96":{"start":{"line":301,"column":12},"end":{"line":314,"column":13}},"97":{"start":{"line":302,"column":16},"end":{"line":302,"column":58}},"98":{"start":{"line":304,"column":16},"end":{"line":306,"column":18}},"99":{"start":{"line":309,"column":16},"end":{"line":309,"column":65}},"100":{"start":{"line":311,"column":16},"end":{"line":313,"column":18}},"101":{"start":{"line":316,"column":12},"end":{"line":316,"column":58}},"102":{"start":{"line":320,"column":8},"end":{"line":320,"column":18}},"103":{"start":{"line":327,"column":0},"end":{"line":371,"column":1}},"104":{"start":{"line":330,"column":4},"end":{"line":330,"column":26}},"105":{"start":{"line":333,"column":18},"end":{"line":335,"column":5}},"106":{"start":{"line":337,"column":4},"end":{"line":370,"column":5}},"107":{"start":{"line":339,"column":22},"end":{"line":347,"column":10}},"108":{"start":{"line":340,"column":34},"end":{"line":340,"column":101}},"109":{"start":{"line":341,"column":12},"end":{"line":346,"column":13}},"110":{"start":{"line":342,"column":16},"end":{"line":342,"column":41}},"111":{"start":{"line":345,"column":16},"end":{"line":345,"column":40}},"112":{"start":{"line":349,"column":8},"end":{"line":366,"column":10}},"113":{"start":{"line":350,"column":12},"end":{"line":363,"column":13}},"114":{"start":{"line":351,"column":16},"end":{"line":351,"column":58}},"115":{"start":{"line":353,"column":16},"end":{"line":355,"column":18}},"116":{"start":{"line":358,"column":16},"end":{"line":358,"column":65}},"117":{"start":{"line":360,"column":16},"end":{"line":362,"column":18}},"118":{"start":{"line":365,"column":12},"end":{"line":365,"column":58}},"119":{"start":{"line":369,"column":8},"end":{"line":369,"column":18}},"120":{"start":{"line":373,"column":0},"end":{"line":400,"column":1}},"121":{"start":{"line":375,"column":4},"end":{"line":399,"column":5}},"122":{"start":{"line":377,"column":8},"end":{"line":395,"column":10}},"123":{"start":{"line":379,"column":12},"end":{"line":394,"column":13}},"124":{"start":{"line":381,"column":16},"end":{"line":384,"column":19}},"125":{"start":{"line":388,"column":28},"end":{"line":388,"column":61}},"126":{"start":{"line":389,"column":16},"end":{"line":393,"column":19}},"127":{"start":{"line":398,"column":8},"end":{"line":398,"column":18}}},"fnMap":{"0":{"name":"(anonymous_0)","decl":{"start":{"line":13,"column":26},"end":{"line":13,"column":27}},"loc":{"start":{"line":13,"column":52},"end":{"line":54,"column":1}},"line":13},"1":{"name":"(anonymous_1)","decl":{"start":{"line":31,"column":49},"end":{"line":31,"column":50}},"loc":{"start":{"line":31,"column":64},"end":{"line":49,"column":9}},"line":31},"2":{"name":"(anonymous_2)","decl":{"start":{"line":59,"column":29},"end":{"line":59,"column":30}},"loc":{"start":{"line":59,"column":55},"end":{"line":102,"column":1}},"line":59},"3":{"name":"(anonymous_3)","decl":{"start":{"line":83,"column":46},"end":{"line":83,"column":47}},"loc":{"start":{"line":83,"column":61},"end":{"line":97,"column":9}},"line":83},"4":{"name":"(anonymous_4)","decl":{"start":{"line":107,"column":39},"end":{"line":107,"column":40}},"loc":{"start":{"line":107,"column":65},"end":{"line":146,"column":1}},"line":107},"5":{"name":"(anonymous_5)","decl":{"start":{"line":127,"column":56},"end":{"line":127,"column":57}},"loc":{"start":{"line":127,"column":71},"end":{"line":141,"column":9}},"line":127},"6":{"name":"(anonymous_6)","decl":{"start":{"line":151,"column":35},"end":{"line":151,"column":36}},"loc":{"start":{"line":151,"column":61},"end":{"line":185,"column":1}},"line":151},"7":{"name":"(anonymous_7)","decl":{"start":{"line":166,"column":58},"end":{"line":166,"column":59}},"loc":{"start":{"line":166,"column":73},"end":{"line":180,"column":9}},"line":166},"8":{"name":"(anonymous_8)","decl":{"start":{"line":190,"column":27},"end":{"line":190,"column":28}},"loc":{"start":{"line":190,"column":53},"end":{"line":223,"column":1}},"line":190},"9":{"name":"(anonymous_9)","decl":{"start":{"line":204,"column":50},"end":{"line":204,"column":51}},"loc":{"start":{"line":204,"column":65},"end":{"line":218,"column":9}},"line":204},"10":{"name":"(anonymous_10)","decl":{"start":{"line":230,"column":41},"end":{"line":230,"column":42}},"loc":{"start":{"line":230,"column":67},"end":{"line":272,"column":1}},"line":230},"11":{"name":"(anonymous_11)","decl":{"start":{"line":241,"column":34},"end":{"line":241,"column":35}},"loc":{"start":{"line":241,"column":55},"end":{"line":249,"column":9}},"line":241},"12":{"name":"(anonymous_12)","decl":{"start":{"line":251,"column":21},"end":{"line":251,"column":22}},"loc":{"start":{"line":251,"column":33},"end":{"line":265,"column":9}},"line":251},"13":{"name":"(anonymous_13)","decl":{"start":{"line":265,"column":17},"end":{"line":265,"column":18}},"loc":{"start":{"line":265,"column":24},"end":{"line":267,"column":9}},"line":265},"14":{"name":"(anonymous_14)","decl":{"start":{"line":277,"column":51},"end":{"line":277,"column":52}},"loc":{"start":{"line":277,"column":77},"end":{"line":322,"column":1}},"line":277},"15":{"name":"(anonymous_15)","decl":{"start":{"line":290,"column":34},"end":{"line":290,"column":35}},"loc":{"start":{"line":290,"column":55},"end":{"line":298,"column":9}},"line":290},"16":{"name":"(anonymous_16)","decl":{"start":{"line":300,"column":21},"end":{"line":300,"column":22}},"loc":{"start":{"line":300,"column":33},"end":{"line":315,"column":9}},"line":300},"17":{"name":"(anonymous_17)","decl":{"start":{"line":315,"column":17},"end":{"line":315,"column":18}},"loc":{"start":{"line":315,"column":24},"end":{"line":317,"column":9}},"line":315},"18":{"name":"(anonymous_18)","decl":{"start":{"line":327,"column":47},"end":{"line":327,"column":48}},"loc":{"start":{"line":327,"column":73},"end":{"line":371,"column":1}},"line":327},"19":{"name":"(anonymous_19)","decl":{"start":{"line":339,"column":34},"end":{"line":339,"column":35}},"loc":{"start":{"line":339,"column":55},"end":{"line":347,"column":9}},"line":339},"20":{"name":"(anonymous_20)","decl":{"start":{"line":349,"column":21},"end":{"line":349,"column":22}},"loc":{"start":{"line":349,"column":33},"end":{"line":364,"column":9}},"line":349},"21":{"name":"(anonymous_21)","decl":{"start":{"line":364,"column":17},"end":{"line":364,"column":18}},"loc":{"start":{"line":364,"column":24},"end":{"line":366,"column":9}},"line":364},"22":{"name":"(anonymous_22)","decl":{"start":{"line":373,"column":35},"end":{"line":373,"column":36}},"loc":{"start":{"line":373,"column":61},"end":{"line":400,"column":1}},"line":373},"23":{"name":"(anonymous_23)","decl":{"start":{"line":377,"column":58},"end":{"line":377,"column":59}},"loc":{"start":{"line":377,"column":73},"end":{"line":395,"column":9}},"line":377}},"branchMap":{"0":{"loc":{"start":{"line":22,"column":8},"end":{"line":29,"column":9}},"type":"if","locations":[{"start":{"line":22,"column":8},"end":{"line":29,"column":9}},{"start":{"line":22,"column":8},"end":{"line":29,"column":9}}],"line":22},"1":{"loc":{"start":{"line":33,"column":12},"end":{"line":48,"column":13}},"type":"if","locations":[{"start":{"line":33,"column":12},"end":{"line":48,"column":13}},{"start":{"line":33,"column":12},"end":{"line":48,"column":13}}],"line":33},"2":{"loc":{"start":{"line":68,"column":8},"end":{"line":73,"column":9}},"type":"if","locations":[{"start":{"line":68,"column":8},"end":{"line":73,"column":9}},{"start":{"line":68,"column":8},"end":{"line":73,"column":9}}],"line":68},"3":{"loc":{"start":{"line":85,"column":12},"end":{"line":96,"column":13}},"type":"if","locations":[{"start":{"line":85,"column":12},"end":{"line":96,"column":13}},{"start":{"line":85,"column":12},"end":{"line":96,"column":13}}],"line":85},"4":{"loc":{"start":{"line":115,"column":8},"end":{"line":120,"column":9}},"type":"if","locations":[{"start":{"line":115,"column":8},"end":{"line":120,"column":9}},{"start":{"line":115,"column":8},"end":{"line":120,"column":9}}],"line":115},"5":{"loc":{"start":{"line":129,"column":12},"end":{"line":140,"column":13}},"type":"if","locations":[{"start":{"line":129,"column":12},"end":{"line":140,"column":13}},{"start":{"line":129,"column":12},"end":{"line":140,"column":13}}],"line":129},"6":{"loc":{"start":{"line":159,"column":8},"end":{"line":164,"column":9}},"type":"if","locations":[{"start":{"line":159,"column":8},"end":{"line":164,"column":9}},{"start":{"line":159,"column":8},"end":{"line":164,"column":9}}],"line":159},"7":{"loc":{"start":{"line":168,"column":12},"end":{"line":179,"column":13}},"type":"if","locations":[{"start":{"line":168,"column":12},"end":{"line":179,"column":13}},{"start":{"line":168,"column":12},"end":{"line":179,"column":13}}],"line":168},"8":{"loc":{"start":{"line":197,"column":8},"end":{"line":202,"column":9}},"type":"if","locations":[{"start":{"line":197,"column":8},"end":{"line":202,"column":9}},{"start":{"line":197,"column":8},"end":{"line":202,"column":9}}],"line":197},"9":{"loc":{"start":{"line":206,"column":12},"end":{"line":217,"column":13}},"type":"if","locations":[{"start":{"line":206,"column":12},"end":{"line":217,"column":13}},{"start":{"line":206,"column":12},"end":{"line":217,"column":13}}],"line":206},"10":{"loc":{"start":{"line":243,"column":12},"end":{"line":248,"column":13}},"type":"if","locations":[{"start":{"line":243,"column":12},"end":{"line":248,"column":13}},{"start":{"line":243,"column":12},"end":{"line":248,"column":13}}],"line":243},"11":{"loc":{"start":{"line":252,"column":12},"end":{"line":264,"column":13}},"type":"if","locations":[{"start":{"line":252,"column":12},"end":{"line":264,"column":13}},{"start":{"line":252,"column":12},"end":{"line":264,"column":13}}],"line":252},"12":{"loc":{"start":{"line":292,"column":12},"end":{"line":297,"column":13}},"type":"if","locations":[{"start":{"line":292,"column":12},"end":{"line":297,"column":13}},{"start":{"line":292,"column":12},"end":{"line":297,"column":13}}],"line":292},"13":{"loc":{"start":{"line":301,"column":12},"end":{"line":314,"column":13}},"type":"if","locations":[{"start":{"line":301,"column":12},"end":{"line":314,"column":13}},{"start":{"line":301,"column":12},"end":{"line":314,"column":13}}],"line":301},"14":{"loc":{"start":{"line":341,"column":12},"end":{"line":346,"column":13}},"type":"if","locations":[{"start":{"line":341,"column":12},"end":{"line":346,"column":13}},{"start":{"line":341,"column":12},"end":{"line":346,"column":13}}],"line":341},"15":{"loc":{"start":{"line":350,"column":12},"end":{"line":363,"column":13}},"type":"if","locations":[{"start":{"line":350,"column":12},"end":{"line":363,"column":13}},{"start":{"line":350,"column":12},"end":{"line":363,"column":13}}],"line":350},"16":{"loc":{"start":{"line":379,"column":12},"end":{"line":394,"column":13}},"type":"if","locations":[{"start":{"line":379,"column":12},"end":{"line":394,"column":13}},{"start":{"line":379,"column":12},"end":{"line":394,"column":13}}],"line":379}},"s":{"0":1,"1":1,"2":1,"3":1,"4":1,"5":1,"6":1,"7":0,"8":0,"9":0,"10":0,"11":0,"12":0,"13":0,"14":0,"15":0,"16":0,"17":1,"18":1,"19":0,"20":0,"21":0,"22":0,"23":0,"24":0,"25":0,"26":0,"27":0,"28":0,"29":0,"30":0,"31":0,"32":0,"33":1,"34":0,"35":0,"36":0,"37":0,"38":0,"39":0,"40":0,"41":0,"42":0,"43":0,"44":0,"45":1,"46":0,"47":0,"48":0,"49":0,"50":0,"51":0,"52":0,"53":0,"54":0,"55":0,"56":1,"57":0,"58":0,"59":0,"60":0,"61":0,"62":0,"63":0,"64":0,"65":0,"66":0,"67":1,"68":0,"69":0,"70":0,"71":0,"72":0,"73":0,"74":0,"75":0,"76":0,"77":0,"78":0,"79":0,"80":0,"81":0,"82":0,"83":0,"84":1,"85":0,"86":0,"87":0,"88":0,"89":0,"90":0,"91":0,"92":0,"93":0,"94":0,"95":0,"96":0,"97":0,"98":0,"99":0,"100":0,"101":0,"102":0,"103":1,"104":0,"105":0,"106":0,"107":0,"108":0,"109":0,"110":0,"111":0,"112":0,"113":0,"114":0,"115":0,"116":0,"117":0,"118":0,"119":0,"120":1,"121":0,"122":0,"123":0,"124":0,"125":0,"126":0,"127":0},"f":{"0":1,"1":0,"2":0,"3":0,"4":0,"5":0,"6":0,"7":0,"8":0,"9":0,"10":0,"11":0,"12":0,"13":0,"14":0,"15":0,"16":0,"17":0,"18":0,"19":0,"20":0,"21":0,"22":0,"23":0},"b":{"0":[0,0],"1":[0,0],"2":[0,0],"3":[0,0],"4":[0,0],"5":[0,0],"6":[0,0],"7":[0,0],"8":[0,0],"9":[0,0],"10":[0,0],"11":[0,0],"12":[0,0],"13":[0,0],"14":[0,0],"15":[0,0],"16":[0,0]},"_coverageSchema":"43e27e138ebf9cfc5966b082cf9a028302ed4184","hash":"2501a128be85f1ec64d5c2408984693fcb5a3b0a","contentHash":"e86e1b36aa445d888dd4e23ad2ed0d73"},"/home/bridgeit/Documents/Fundoo/server/services/UserServices.js":{"path":"/home/bridgeit/Documents/Fundoo/server/services/UserServices.js","statementMap":{"0":{"start":{"line":7,"column":21},"end":{"line":7,"column":38}},"1":{"start":{"line":8,"column":21},"end":{"line":8,"column":39}},"2":{"start":{"line":9,"column":16},"end":{"line":9,"column":42}},"3":{"start":{"line":10,"column":19},"end":{"line":10,"column":46}},"4":{"start":{"line":11,"column":18},"end":{"line":11,"column":52}},"5":{"start":{"line":17,"column":0},"end":{"line":34,"column":1}},"6":{"start":{"line":19,"column":4},"end":{"line":33,"column":7}},"7":{"start":{"line":21,"column":8},"end":{"line":32,"column":9}},"8":{"start":{"line":22,"column":12},"end":{"line":22,"column":35}},"9":{"start":{"line":25,"column":30},"end":{"line":29,"column":13}},"10":{"start":{"line":30,"column":12},"end":{"line":30,"column":44}},"11":{"start":{"line":31,"column":12},"end":{"line":31,"column":40}},"12":{"start":{"line":39,"column":0},"end":{"line":57,"column":1}},"13":{"start":{"line":43,"column":4},"end":{"line":56,"column":6}},"14":{"start":{"line":44,"column":8},"end":{"line":55,"column":9}},"15":{"start":{"line":45,"column":12},"end":{"line":45,"column":33}},"16":{"start":{"line":48,"column":30},"end":{"line":52,"column":13}},"17":{"start":{"line":53,"column":12},"end":{"line":53,"column":44}},"18":{"start":{"line":54,"column":12},"end":{"line":54,"column":40}},"19":{"start":{"line":62,"column":0},"end":{"line":89,"column":1}},"20":{"start":{"line":64,"column":16},"end":{"line":64,"column":50}},"21":{"start":{"line":65,"column":30},"end":{"line":69,"column":5}},"22":{"start":{"line":71,"column":4},"end":{"line":88,"column":6}},"23":{"start":{"line":73,"column":8},"end":{"line":86,"column":9}},"24":{"start":{"line":74,"column":12},"end":{"line":74,"column":33}},"25":{"start":{"line":77,"column":24},"end":{"line":77,"column":58}},"26":{"start":{"line":79,"column":30},"end":{"line":83,"column":13}},"27":{"start":{"line":84,"column":12},"end":{"line":84,"column":44}},"28":{"start":{"line":85,"column":12},"end":{"line":85,"column":40}},"29":{"start":{"line":94,"column":0},"end":{"line":122,"column":1}},"30":{"start":{"line":96,"column":16},"end":{"line":96,"column":50}},"31":{"start":{"line":98,"column":30},"end":{"line":101,"column":5}},"32":{"start":{"line":103,"column":4},"end":{"line":121,"column":6}},"33":{"start":{"line":105,"column":8},"end":{"line":119,"column":9}},"34":{"start":{"line":106,"column":12},"end":{"line":106,"column":33}},"35":{"start":{"line":109,"column":24},"end":{"line":109,"column":58}},"36":{"start":{"line":110,"column":30},"end":{"line":114,"column":13}},"37":{"start":{"line":116,"column":12},"end":{"line":116,"column":44}},"38":{"start":{"line":118,"column":12},"end":{"line":118,"column":40}},"39":{"start":{"line":127,"column":0},"end":{"line":135,"column":1}},"40":{"start":{"line":129,"column":4},"end":{"line":134,"column":6}},"41":{"start":{"line":131,"column":8},"end":{"line":132,"column":41}},"42":{"start":{"line":131,"column":16},"end":{"line":131,"column":37}},"43":{"start":{"line":132,"column":13},"end":{"line":132,"column":41}},"44":{"start":{"line":140,"column":0},"end":{"line":154,"column":1}},"45":{"start":{"line":142,"column":4},"end":{"line":153,"column":7}},"46":{"start":{"line":144,"column":8},"end":{"line":152,"column":9}},"47":{"start":{"line":145,"column":12},"end":{"line":145,"column":35}},"48":{"start":{"line":149,"column":12},"end":{"line":149,"column":38}},"49":{"start":{"line":151,"column":12},"end":{"line":151,"column":40}}},"fnMap":{"0":{"name":"(anonymous_0)","decl":{"start":{"line":17,"column":23},"end":{"line":17,"column":24}},"loc":{"start":{"line":17,"column":47},"end":{"line":34,"column":1}},"line":17},"1":{"name":"(anonymous_1)","decl":{"start":{"line":19,"column":30},"end":{"line":19,"column":31}},"loc":{"start":{"line":19,"column":45},"end":{"line":33,"column":5}},"line":19},"2":{"name":"(anonymous_2)","decl":{"start":{"line":39,"column":26},"end":{"line":39,"column":27}},"loc":{"start":{"line":39,"column":50},"end":{"line":57,"column":1}},"line":39},"3":{"name":"(anonymous_3)","decl":{"start":{"line":43,"column":41},"end":{"line":43,"column":42}},"loc":{"start":{"line":43,"column":56},"end":{"line":56,"column":5}},"line":43},"4":{"name":"(anonymous_4)","decl":{"start":{"line":62,"column":36},"end":{"line":62,"column":37}},"loc":{"start":{"line":62,"column":60},"end":{"line":89,"column":1}},"line":62},"5":{"name":"(anonymous_5)","decl":{"start":{"line":71,"column":59},"end":{"line":71,"column":60}},"loc":{"start":{"line":71,"column":74},"end":{"line":88,"column":5}},"line":71},"6":{"name":"(anonymous_6)","decl":{"start":{"line":94,"column":32},"end":{"line":94,"column":33}},"loc":{"start":{"line":94,"column":56},"end":{"line":122,"column":1}},"line":94},"7":{"name":"(anonymous_7)","decl":{"start":{"line":103,"column":55},"end":{"line":103,"column":56}},"loc":{"start":{"line":103,"column":70},"end":{"line":121,"column":5}},"line":103},"8":{"name":"(anonymous_8)","decl":{"start":{"line":127,"column":24},"end":{"line":127,"column":25}},"loc":{"start":{"line":127,"column":48},"end":{"line":135,"column":1}},"line":127},"9":{"name":"(anonymous_9)","decl":{"start":{"line":129,"column":31},"end":{"line":129,"column":32}},"loc":{"start":{"line":129,"column":46},"end":{"line":134,"column":5}},"line":129},"10":{"name":"(anonymous_10)","decl":{"start":{"line":140,"column":32},"end":{"line":140,"column":33}},"loc":{"start":{"line":140,"column":56},"end":{"line":154,"column":1}},"line":140},"11":{"name":"(anonymous_11)","decl":{"start":{"line":142,"column":32},"end":{"line":142,"column":33}},"loc":{"start":{"line":142,"column":47},"end":{"line":153,"column":5}},"line":142}},"branchMap":{"0":{"loc":{"start":{"line":21,"column":8},"end":{"line":32,"column":9}},"type":"if","locations":[{"start":{"line":21,"column":8},"end":{"line":32,"column":9}},{"start":{"line":21,"column":8},"end":{"line":32,"column":9}}],"line":21},"1":{"loc":{"start":{"line":44,"column":8},"end":{"line":55,"column":9}},"type":"if","locations":[{"start":{"line":44,"column":8},"end":{"line":55,"column":9}},{"start":{"line":44,"column":8},"end":{"line":55,"column":9}}],"line":44},"2":{"loc":{"start":{"line":73,"column":8},"end":{"line":86,"column":9}},"type":"if","locations":[{"start":{"line":73,"column":8},"end":{"line":86,"column":9}},{"start":{"line":73,"column":8},"end":{"line":86,"column":9}}],"line":73},"3":{"loc":{"start":{"line":105,"column":8},"end":{"line":119,"column":9}},"type":"if","locations":[{"start":{"line":105,"column":8},"end":{"line":119,"column":9}},{"start":{"line":105,"column":8},"end":{"line":119,"column":9}}],"line":105},"4":{"loc":{"start":{"line":131,"column":8},"end":{"line":132,"column":41}},"type":"if","locations":[{"start":{"line":131,"column":8},"end":{"line":132,"column":41}},{"start":{"line":131,"column":8},"end":{"line":132,"column":41}}],"line":131},"5":{"loc":{"start":{"line":144,"column":8},"end":{"line":152,"column":9}},"type":"if","locations":[{"start":{"line":144,"column":8},"end":{"line":152,"column":9}},{"start":{"line":144,"column":8},"end":{"line":152,"column":9}}],"line":144}},"s":{"0":1,"1":1,"2":1,"3":1,"4":1,"5":1,"6":0,"7":0,"8":0,"9":0,"10":0,"11":0,"12":1,"13":0,"14":0,"15":0,"16":0,"17":0,"18":0,"19":1,"20":0,"21":0,"22":0,"23":0,"24":0,"25":0,"26":0,"27":0,"28":0,"29":1,"30":0,"31":0,"32":0,"33":0,"34":0,"35":0,"36":0,"37":0,"38":0,"39":1,"40":0,"41":0,"42":0,"43":0,"44":1,"45":0,"46":0,"47":0,"48":0,"49":0},"f":{"0":0,"1":0,"2":0,"3":0,"4":0,"5":0,"6":0,"7":0,"8":0,"9":0,"10":0,"11":0},"b":{"0":[0,0],"1":[0,0],"2":[0,0],"3":[0,0],"4":[0,0],"5":[0,0]},"_coverageSchema":"43e27e138ebf9cfc5966b082cf9a028302ed4184","hash":"8641dcfb49946bfd6b8cfcdcfed04cd5a37b0c3f","contentHash":"b343e3e87977ba15ec55c2604df3dfea"},"/home/bridgeit/Documents/Fundoo/server/utility/util.js":{"path":"/home/bridgeit/Documents/Fundoo/server/utility/util.js","statementMap":{"0":{"start":{"line":7,"column":12},"end":{"line":7,"column":35}},"1":{"start":{"line":8,"column":17},"end":{"line":8,"column":44}},"2":{"start":{"line":9,"column":21},"end":{"line":9,"column":38}},"3":{"start":{"line":10,"column":24},"end":{"line":10,"column":42}},"4":{"start":{"line":11,"column":19},"end":{"line":11,"column":40}},"5":{"start":{"line":17,"column":22},"end":{"line":37,"column":1}},"6":{"start":{"line":20,"column":18},"end":{"line":22,"column":5}},"7":{"start":{"line":24,"column":18},"end":{"line":24,"column":35}},"8":{"start":{"line":27,"column":22},"end":{"line":32,"column":5}},"9":{"start":{"line":34,"column":16},"end":{"line":34,"column":70}},"10":{"start":{"line":36,"column":4},"end":{"line":36,"column":17}},"11":{"start":{"line":42,"column":17},"end":{"line":71,"column":1}},"12":{"start":{"line":44,"column":22},"end":{"line":50,"column":6}},"13":{"start":{"line":56,"column":4},"end":{"line":61,"column":6}},"14":{"start":{"line":63,"column":4},"end":{"line":70,"column":7}},"15":{"start":{"line":64,"column":8},"end":{"line":69,"column":9}},"16":{"start":{"line":65,"column":12},"end":{"line":65,"column":42}},"17":{"start":{"line":68,"column":12},"end":{"line":68,"column":38}},"18":{"start":{"line":76,"column":0},"end":{"line":79,"column":2}},"19":{"start":{"line":77,"column":4},"end":{"line":77,"column":29}},"20":{"start":{"line":78,"column":4},"end":{"line":78,"column":28}},"21":{"start":{"line":85,"column":0},"end":{"line":88,"column":2}},"22":{"start":{"line":86,"column":4},"end":{"line":86,"column":44}},"23":{"start":{"line":87,"column":4},"end":{"line":87,"column":28}},"24":{"start":{"line":93,"column":0},"end":{"line":96,"column":2}},"25":{"start":{"line":94,"column":4},"end":{"line":94,"column":40}},"26":{"start":{"line":95,"column":4},"end":{"line":95,"column":28}},"27":{"start":{"line":101,"column":0},"end":{"line":104,"column":2}},"28":{"start":{"line":102,"column":4},"end":{"line":102,"column":38}},"29":{"start":{"line":103,"column":4},"end":{"line":103,"column":28}},"30":{"start":{"line":106,"column":0},"end":{"line":106,"column":64}}},"fnMap":{"0":{"name":"(anonymous_0)","decl":{"start":{"line":17,"column":22},"end":{"line":17,"column":23}},"loc":{"start":{"line":17,"column":32},"end":{"line":37,"column":1}},"line":17},"1":{"name":"(anonymous_1)","decl":{"start":{"line":42,"column":17},"end":{"line":42,"column":18}},"loc":{"start":{"line":42,"column":34},"end":{"line":71,"column":1}},"line":42},"2":{"name":"(anonymous_2)","decl":{"start":{"line":63,"column":38},"end":{"line":63,"column":39}},"loc":{"start":{"line":63,"column":59},"end":{"line":70,"column":5}},"line":63},"3":{"name":"(anonymous_3)","decl":{"start":{"line":76,"column":33},"end":{"line":76,"column":34}},"loc":{"start":{"line":76,"column":55},"end":{"line":79,"column":1}},"line":76},"4":{"name":"(anonymous_4)","decl":{"start":{"line":85,"column":37},"end":{"line":85,"column":38}},"loc":{"start":{"line":85,"column":59},"end":{"line":88,"column":1}},"line":85},"5":{"name":"(anonymous_5)","decl":{"start":{"line":93,"column":33},"end":{"line":93,"column":34}},"loc":{"start":{"line":93,"column":55},"end":{"line":96,"column":1}},"line":93},"6":{"name":"(anonymous_6)","decl":{"start":{"line":101,"column":31},"end":{"line":101,"column":32}},"loc":{"start":{"line":101,"column":53},"end":{"line":104,"column":1}},"line":101}},"branchMap":{"0":{"loc":{"start":{"line":64,"column":8},"end":{"line":69,"column":9}},"type":"if","locations":[{"start":{"line":64,"column":8},"end":{"line":69,"column":9}},{"start":{"line":64,"column":8},"end":{"line":69,"column":9}}],"line":64}},"s":{"0":1,"1":1,"2":1,"3":1,"4":1,"5":1,"6":0,"7":0,"8":0,"9":0,"10":0,"11":1,"12":0,"13":0,"14":0,"15":0,"16":0,"17":0,"18":1,"19":0,"20":0,"21":1,"22":0,"23":0,"24":1,"25":0,"26":0,"27":1,"28":0,"29":0,"30":1},"f":{"0":0,"1":0,"2":0,"3":0,"4":0,"5":0,"6":0},"b":{"0":[0,0]},"_coverageSchema":"43e27e138ebf9cfc5966b082cf9a028302ed4184","hash":"229fd51d0c7cbf9007ebcca74d04b66d8c66113a","contentHash":"9df8cdbe5ab47457f9542be443bf5d4a"},"/home/bridgeit/Documents/Fundoo/server/config/static.js":{"path":"/home/bridgeit/Documents/Fundoo/server/config/static.js","statementMap":{"0":{"start":{"line":1,"column":0},"end":{"line":8,"column":1}}},"fnMap":{},"branchMap":{},"s":{"0":1},"f":{},"b":{},"_coverageSchema":"43e27e138ebf9cfc5966b082cf9a028302ed4184","hash":"1e289f536bb73802dfb3b4fa6ce24c8015869392","contentHash":"738de36c6c91e11c29383d9479e8b210"},"/home/bridgeit/Documents/Fundoo/server/app/models/UserModel.js":{"path":"/home/bridgeit/Documents/Fundoo/server/app/models/UserModel.js","statementMap":{"0":{"start":{"line":8,"column":17},"end":{"line":8,"column":36}},"1":{"start":{"line":9,"column":15},"end":{"line":9,"column":30}},"2":{"start":{"line":14,"column":18},"end":{"line":20,"column":2}},"3":{"start":{"line":25,"column":13},"end":{"line":25,"column":46}},"4":{"start":{"line":26,"column":17},"end":{"line":26,"column":36}},"5":{"start":{"line":35,"column":0},"end":{"line":50,"column":1}},"6":{"start":{"line":36,"column":16},"end":{"line":40,"column":4}},"7":{"start":{"line":42,"column":2},"end":{"line":49,"column":4}},"8":{"start":{"line":43,"column":4},"end":{"line":48,"column":5}},"9":{"start":{"line":44,"column":6},"end":{"line":44,"column":27}},"10":{"start":{"line":47,"column":6},"end":{"line":47,"column":36}},"11":{"start":{"line":55,"column":0},"end":{"line":70,"column":1}},"12":{"start":{"line":57,"column":2},"end":{"line":69,"column":4}},"13":{"start":{"line":58,"column":4},"end":{"line":68,"column":6}},"14":{"start":{"line":59,"column":6},"end":{"line":67,"column":7}},"15":{"start":{"line":60,"column":8},"end":{"line":60,"column":25}},"16":{"start":{"line":61,"column":8},"end":{"line":61,"column":29}},"17":{"start":{"line":64,"column":8},"end":{"line":64,"column":46}},"18":{"start":{"line":65,"column":8},"end":{"line":65,"column":61}},"19":{"start":{"line":66,"column":8},"end":{"line":66,"column":36}},"20":{"start":{"line":77,"column":0},"end":{"line":99,"column":1}},"21":{"start":{"line":79,"column":2},"end":{"line":98,"column":4}},"22":{"start":{"line":80,"column":4},"end":{"line":96,"column":5}},"23":{"start":{"line":81,"column":6},"end":{"line":81,"column":45}},"24":{"start":{"line":82,"column":6},"end":{"line":82,"column":29}},"25":{"start":{"line":85,"column":6},"end":{"line":95,"column":9}},"26":{"start":{"line":86,"column":8},"end":{"line":94,"column":9}},"27":{"start":{"line":87,"column":10},"end":{"line":87,"column":49}},"28":{"start":{"line":88,"column":10},"end":{"line":88,"column":33}},"29":{"start":{"line":89,"column":10},"end":{"line":89,"column":33}},"30":{"start":{"line":92,"column":10},"end":{"line":92,"column":53}},"31":{"start":{"line":93,"column":10},"end":{"line":93,"column":40}},"32":{"start":{"line":105,"column":0},"end":{"line":118,"column":1}},"33":{"start":{"line":107,"column":2},"end":{"line":117,"column":4}},"34":{"start":{"line":108,"column":4},"end":{"line":116,"column":5}},"35":{"start":{"line":110,"column":6},"end":{"line":110,"column":23}},"36":{"start":{"line":111,"column":6},"end":{"line":111,"column":27}},"37":{"start":{"line":114,"column":6},"end":{"line":114,"column":39}},"38":{"start":{"line":115,"column":6},"end":{"line":115,"column":36}},"39":{"start":{"line":124,"column":0},"end":{"line":139,"column":1}},"40":{"start":{"line":126,"column":2},"end":{"line":138,"column":4}},"41":{"start":{"line":127,"column":4},"end":{"line":137,"column":5}},"42":{"start":{"line":129,"column":6},"end":{"line":129,"column":23}},"43":{"start":{"line":130,"column":6},"end":{"line":130,"column":27}},"44":{"start":{"line":133,"column":6},"end":{"line":133,"column":38}},"45":{"start":{"line":136,"column":6},"end":{"line":136,"column":36}},"46":{"start":{"line":145,"column":0},"end":{"line":160,"column":1}},"47":{"start":{"line":147,"column":2},"end":{"line":159,"column":4}},"48":{"start":{"line":148,"column":4},"end":{"line":158,"column":5}},"49":{"start":{"line":150,"column":6},"end":{"line":150,"column":23}},"50":{"start":{"line":151,"column":6},"end":{"line":151,"column":27}},"51":{"start":{"line":154,"column":6},"end":{"line":154,"column":50}},"52":{"start":{"line":157,"column":6},"end":{"line":157,"column":36}},"53":{"start":{"line":166,"column":0},"end":{"line":205,"column":1}},"54":{"start":{"line":170,"column":2},"end":{"line":204,"column":4}},"55":{"start":{"line":171,"column":4},"end":{"line":203,"column":5}},"56":{"start":{"line":172,"column":6},"end":{"line":172,"column":26}},"57":{"start":{"line":176,"column":6},"end":{"line":202,"column":8}},"58":{"start":{"line":177,"column":8},"end":{"line":201,"column":9}},"59":{"start":{"line":178,"column":10},"end":{"line":178,"column":31}},"60":{"start":{"line":182,"column":10},"end":{"line":200,"column":12}},"61":{"start":{"line":183,"column":12},"end":{"line":199,"column":13}},"62":{"start":{"line":184,"column":14},"end":{"line":184,"column":31}},"63":{"start":{"line":185,"column":14},"end":{"line":185,"column":35}},"64":{"start":{"line":188,"column":14},"end":{"line":198,"column":16}},"65":{"start":{"line":189,"column":16},"end":{"line":197,"column":17}},"66":{"start":{"line":190,"column":18},"end":{"line":190,"column":35}},"67":{"start":{"line":191,"column":18},"end":{"line":191,"column":39}},"68":{"start":{"line":194,"column":18},"end":{"line":194,"column":56}},"69":{"start":{"line":196,"column":18},"end":{"line":196,"column":46}},"70":{"start":{"line":206,"column":0},"end":{"line":206,"column":34}}},"fnMap":{"0":{"name":"userFunction","decl":{"start":{"line":28,"column":9},"end":{"line":28,"column":21}},"loc":{"start":{"line":28,"column":24},"end":{"line":30,"column":1}},"line":28},"1":{"name":"(anonymous_1)","decl":{"start":{"line":35,"column":49},"end":{"line":35,"column":50}},"loc":{"start":{"line":35,"column":68},"end":{"line":50,"column":1}},"line":35},"2":{"name":"(anonymous_2)","decl":{"start":{"line":42,"column":15},"end":{"line":42,"column":16}},"loc":{"start":{"line":42,"column":38},"end":{"line":49,"column":3}},"line":42},"3":{"name":"(anonymous_3)","decl":{"start":{"line":55,"column":45},"end":{"line":55,"column":46}},"loc":{"start":{"line":55,"column":64},"end":{"line":70,"column":1}},"line":55},"4":{"name":"(anonymous_4)","decl":{"start":{"line":57,"column":71},"end":{"line":57,"column":72}},"loc":{"start":{"line":57,"column":94},"end":{"line":69,"column":3}},"line":57},"5":{"name":"(anonymous_5)","decl":{"start":{"line":58,"column":38},"end":{"line":58,"column":39}},"loc":{"start":{"line":58,"column":59},"end":{"line":68,"column":5}},"line":58},"6":{"name":"(anonymous_6)","decl":{"start":{"line":77,"column":36},"end":{"line":77,"column":37}},"loc":{"start":{"line":77,"column":61},"end":{"line":99,"column":1}},"line":77},"7":{"name":"(anonymous_7)","decl":{"start":{"line":79,"column":40},"end":{"line":79,"column":41}},"loc":{"start":{"line":79,"column":63},"end":{"line":98,"column":3}},"line":79},"8":{"name":"(anonymous_8)","decl":{"start":{"line":85,"column":54},"end":{"line":85,"column":55}},"loc":{"start":{"line":85,"column":82},"end":{"line":95,"column":7}},"line":85},"9":{"name":"(anonymous_9)","decl":{"start":{"line":105,"column":37},"end":{"line":105,"column":38}},"loc":{"start":{"line":105,"column":62},"end":{"line":118,"column":1}},"line":105},"10":{"name":"(anonymous_10)","decl":{"start":{"line":107,"column":45},"end":{"line":107,"column":46}},"loc":{"start":{"line":107,"column":68},"end":{"line":117,"column":3}},"line":107},"11":{"name":"(anonymous_11)","decl":{"start":{"line":124,"column":38},"end":{"line":124,"column":39}},"loc":{"start":{"line":124,"column":63},"end":{"line":139,"column":1}},"line":124},"12":{"name":"(anonymous_12)","decl":{"start":{"line":126,"column":30},"end":{"line":126,"column":31}},"loc":{"start":{"line":126,"column":53},"end":{"line":138,"column":3}},"line":126},"13":{"name":"(anonymous_13)","decl":{"start":{"line":145,"column":38},"end":{"line":145,"column":39}},"loc":{"start":{"line":145,"column":63},"end":{"line":160,"column":1}},"line":145},"14":{"name":"(anonymous_14)","decl":{"start":{"line":147,"column":12},"end":{"line":147,"column":13}},"loc":{"start":{"line":147,"column":29},"end":{"line":159,"column":3}},"line":147},"15":{"name":"(anonymous_15)","decl":{"start":{"line":166,"column":47},"end":{"line":166,"column":48}},"loc":{"start":{"line":166,"column":72},"end":{"line":205,"column":1}},"line":166},"16":{"name":"(anonymous_16)","decl":{"start":{"line":170,"column":23},"end":{"line":170,"column":24}},"loc":{"start":{"line":170,"column":44},"end":{"line":204,"column":3}},"line":170},"17":{"name":"(anonymous_17)","decl":{"start":{"line":176,"column":40},"end":{"line":176,"column":41}},"loc":{"start":{"line":176,"column":61},"end":{"line":202,"column":7}},"line":176},"18":{"name":"(anonymous_18)","decl":{"start":{"line":182,"column":74},"end":{"line":182,"column":75}},"loc":{"start":{"line":182,"column":97},"end":{"line":200,"column":11}},"line":182},"19":{"name":"(anonymous_19)","decl":{"start":{"line":188,"column":48},"end":{"line":188,"column":49}},"loc":{"start":{"line":188,"column":69},"end":{"line":198,"column":15}},"line":188}},"branchMap":{"0":{"loc":{"start":{"line":43,"column":4},"end":{"line":48,"column":5}},"type":"if","locations":[{"start":{"line":43,"column":4},"end":{"line":48,"column":5}},{"start":{"line":43,"column":4},"end":{"line":48,"column":5}}],"line":43},"1":{"loc":{"start":{"line":59,"column":6},"end":{"line":67,"column":7}},"type":"if","locations":[{"start":{"line":59,"column":6},"end":{"line":67,"column":7}},{"start":{"line":59,"column":6},"end":{"line":67,"column":7}}],"line":59},"2":{"loc":{"start":{"line":80,"column":4},"end":{"line":96,"column":5}},"type":"if","locations":[{"start":{"line":80,"column":4},"end":{"line":96,"column":5}},{"start":{"line":80,"column":4},"end":{"line":96,"column":5}}],"line":80},"3":{"loc":{"start":{"line":86,"column":8},"end":{"line":94,"column":9}},"type":"if","locations":[{"start":{"line":86,"column":8},"end":{"line":94,"column":9}},{"start":{"line":86,"column":8},"end":{"line":94,"column":9}}],"line":86},"4":{"loc":{"start":{"line":108,"column":4},"end":{"line":116,"column":5}},"type":"if","locations":[{"start":{"line":108,"column":4},"end":{"line":116,"column":5}},{"start":{"line":108,"column":4},"end":{"line":116,"column":5}}],"line":108},"5":{"loc":{"start":{"line":127,"column":4},"end":{"line":137,"column":5}},"type":"if","locations":[{"start":{"line":127,"column":4},"end":{"line":137,"column":5}},{"start":{"line":127,"column":4},"end":{"line":137,"column":5}}],"line":127},"6":{"loc":{"start":{"line":148,"column":4},"end":{"line":158,"column":5}},"type":"if","locations":[{"start":{"line":148,"column":4},"end":{"line":158,"column":5}},{"start":{"line":148,"column":4},"end":{"line":158,"column":5}}],"line":148},"7":{"loc":{"start":{"line":171,"column":4},"end":{"line":203,"column":5}},"type":"if","locations":[{"start":{"line":171,"column":4},"end":{"line":203,"column":5}},{"start":{"line":171,"column":4},"end":{"line":203,"column":5}}],"line":171},"8":{"loc":{"start":{"line":177,"column":8},"end":{"line":201,"column":9}},"type":"if","locations":[{"start":{"line":177,"column":8},"end":{"line":201,"column":9}},{"start":{"line":177,"column":8},"end":{"line":201,"column":9}}],"line":177},"9":{"loc":{"start":{"line":183,"column":12},"end":{"line":199,"column":13}},"type":"if","locations":[{"start":{"line":183,"column":12},"end":{"line":199,"column":13}},{"start":{"line":183,"column":12},"end":{"line":199,"column":13}}],"line":183},"10":{"loc":{"start":{"line":189,"column":16},"end":{"line":197,"column":17}},"type":"if","locations":[{"start":{"line":189,"column":16},"end":{"line":197,"column":17}},{"start":{"line":189,"column":16},"end":{"line":197,"column":17}}],"line":189}},"s":{"0":1,"1":1,"2":1,"3":1,"4":1,"5":1,"6":0,"7":0,"8":0,"9":0,"10":0,"11":1,"12":0,"13":0,"14":0,"15":0,"16":0,"17":0,"18":0,"19":0,"20":1,"21":0,"22":0,"23":0,"24":0,"25":0,"26":0,"27":0,"28":0,"29":0,"30":0,"31":0,"32":1,"33":0,"34":0,"35":0,"36":0,"37":0,"38":0,"39":1,"40":0,"41":0,"42":0,"43":0,"44":0,"45":0,"46":1,"47":0,"48":0,"49":0,"50":0,"51":0,"52":0,"53":1,"54":0,"55":0,"56":0,"57":0,"58":0,"59":0,"60":0,"61":0,"62":0,"63":0,"64":0,"65":0,"66":0,"67":0,"68":0,"69":0,"70":1},"f":{"0":1,"1":0,"2":0,"3":0,"4":0,"5":0,"6":0,"7":0,"8":0,"9":0,"10":0,"11":0,"12":0,"13":0,"14":0,"15":0,"16":0,"17":0,"18":0,"19":0},"b":{"0":[0,0],"1":[0,0],"2":[0,0],"3":[0,0],"4":[0,0],"5":[0,0],"6":[0,0],"7":[0,0],"8":[0,0],"9":[0,0],"10":[0,0]},"_coverageSchema":"43e27e138ebf9cfc5966b082cf9a028302ed4184","hash":"38cf5feafdc8e3ea8f78f076f6642a87e63eb388","contentHash":"9e424a487924cdc34673e814d4aace42"},"/home/bridgeit/Documents/Fundoo/server/services/userServicesEventEmitter.js":{"path":"/home/bridgeit/Documents/Fundoo/server/services/userServicesEventEmitter.js","statementMap":{"0":{"start":{"line":7,"column":16},"end":{"line":7,"column":42}},"1":{"start":{"line":8,"column":19},"end":{"line":8,"column":46}},"2":{"start":{"line":9,"column":18},"end":{"line":9,"column":52}},"3":{"start":{"line":10,"column":21},"end":{"line":10,"column":38}},"4":{"start":{"line":11,"column":24},"end":{"line":11,"column":42}},"5":{"start":{"line":16,"column":0},"end":{"line":35,"column":2}},"6":{"start":{"line":20,"column":4},"end":{"line":34,"column":6}},"7":{"start":{"line":21,"column":8},"end":{"line":33,"column":9}},"8":{"start":{"line":26,"column":30},"end":{"line":30,"column":13}},"9":{"start":{"line":31,"column":12},"end":{"line":31,"column":66}},"10":{"start":{"line":40,"column":0},"end":{"line":71,"column":2}},"11":{"start":{"line":42,"column":16},"end":{"line":42,"column":50}},"12":{"start":{"line":43,"column":30},"end":{"line":47,"column":5}},"13":{"start":{"line":49,"column":4},"end":{"line":70,"column":6}},"14":{"start":{"line":51,"column":8},"end":{"line":68,"column":9}},"15":{"start":{"line":52,"column":12},"end":{"line":52,"column":52}},"16":{"start":{"line":57,"column":24},"end":{"line":57,"column":58}},"17":{"start":{"line":59,"column":30},"end":{"line":63,"column":13}},"18":{"start":{"line":64,"column":12},"end":{"line":64,"column":69}},"19":{"start":{"line":65,"column":12},"end":{"line":65,"column":54}},"20":{"start":{"line":76,"column":0},"end":{"line":101,"column":2}},"21":{"start":{"line":78,"column":16},"end":{"line":78,"column":50}},"22":{"start":{"line":79,"column":30},"end":{"line":82,"column":5}},"23":{"start":{"line":84,"column":4},"end":{"line":100,"column":6}},"24":{"start":{"line":86,"column":8},"end":{"line":98,"column":9}},"25":{"start":{"line":90,"column":24},"end":{"line":90,"column":58}},"26":{"start":{"line":91,"column":30},"end":{"line":95,"column":13}},"27":{"start":{"line":96,"column":12},"end":{"line":96,"column":73}},"28":{"start":{"line":103,"column":0},"end":{"line":103,"column":35}}},"fnMap":{"0":{"name":"(anonymous_0)","decl":{"start":{"line":16,"column":31},"end":{"line":16,"column":32}},"loc":{"start":{"line":16,"column":55},"end":{"line":35,"column":1}},"line":16},"1":{"name":"(anonymous_1)","decl":{"start":{"line":20,"column":41},"end":{"line":20,"column":42}},"loc":{"start":{"line":20,"column":56},"end":{"line":34,"column":5}},"line":20},"2":{"name":"(anonymous_2)","decl":{"start":{"line":40,"column":33},"end":{"line":40,"column":34}},"loc":{"start":{"line":40,"column":47},"end":{"line":71,"column":1}},"line":40},"3":{"name":"(anonymous_3)","decl":{"start":{"line":49,"column":59},"end":{"line":49,"column":60}},"loc":{"start":{"line":49,"column":74},"end":{"line":70,"column":5}},"line":49},"4":{"name":"(anonymous_4)","decl":{"start":{"line":76,"column":37},"end":{"line":76,"column":38}},"loc":{"start":{"line":76,"column":51},"end":{"line":101,"column":1}},"line":76},"5":{"name":"(anonymous_5)","decl":{"start":{"line":84,"column":55},"end":{"line":84,"column":56}},"loc":{"start":{"line":84,"column":70},"end":{"line":100,"column":5}},"line":84}},"branchMap":{"0":{"loc":{"start":{"line":21,"column":8},"end":{"line":33,"column":9}},"type":"if","locations":[{"start":{"line":21,"column":8},"end":{"line":33,"column":9}},{"start":{"line":21,"column":8},"end":{"line":33,"column":9}}],"line":21},"1":{"loc":{"start":{"line":51,"column":8},"end":{"line":68,"column":9}},"type":"if","locations":[{"start":{"line":51,"column":8},"end":{"line":68,"column":9}},{"start":{"line":51,"column":8},"end":{"line":68,"column":9}}],"line":51},"2":{"loc":{"start":{"line":86,"column":8},"end":{"line":98,"column":9}},"type":"if","locations":[{"start":{"line":86,"column":8},"end":{"line":98,"column":9}},{"start":{"line":86,"column":8},"end":{"line":98,"column":9}}],"line":86}},"s":{"0":1,"1":1,"2":1,"3":1,"4":1,"5":1,"6":0,"7":0,"8":0,"9":0,"10":1,"11":0,"12":0,"13":0,"14":0,"15":0,"16":0,"17":0,"18":0,"19":0,"20":1,"21":0,"22":0,"23":0,"24":0,"25":0,"26":0,"27":0,"28":1},"f":{"0":0,"1":0,"2":0,"3":0,"4":0,"5":0},"b":{"0":[0,0],"1":[0,0],"2":[0,0]},"_coverageSchema":"43e27e138ebf9cfc5966b082cf9a028302ed4184","hash":"c369154cbb21e5c11fa9f76cb6cf664d41d36beb","contentHash":"4eb736540ed66ffe54c92a8dde91f6ad"},"/home/bridgeit/Documents/Fundoo/server/controller/NoteController.js":{"path":"/home/bridgeit/Documents/Fundoo/server/controller/NoteController.js","statementMap":{"0":{"start":{"line":8,"column":20},"end":{"line":8,"column":54}},"1":{"start":{"line":9,"column":11},"end":{"line":9,"column":24}},"2":{"start":{"line":14,"column":0},"end":{"line":41,"column":1}},"3":{"start":{"line":16,"column":4},"end":{"line":39,"column":5}},"4":{"start":{"line":18,"column":8},"end":{"line":34,"column":10}},"5":{"start":{"line":19,"column":12},"end":{"line":33,"column":13}},"6":{"start":{"line":21,"column":16},"end":{"line":24,"column":18}},"7":{"start":{"line":29,"column":16},"end":{"line":32,"column":18}},"8":{"start":{"line":38,"column":8},"end":{"line":38,"column":18}},"9":{"start":{"line":46,"column":0},"end":{"line":71,"column":1}},"10":{"start":{"line":48,"column":4},"end":{"line":70,"column":5}},"11":{"start":{"line":50,"column":8},"end":{"line":65,"column":10}},"12":{"start":{"line":51,"column":12},"end":{"line":64,"column":13}},"13":{"start":{"line":53,"column":16},"end":{"line":56,"column":18}},"14":{"start":{"line":60,"column":16},"end":{"line":63,"column":18}},"15":{"start":{"line":69,"column":8},"end":{"line":69,"column":18}},"16":{"start":{"line":76,"column":0},"end":{"line":102,"column":1}},"17":{"start":{"line":79,"column":4},"end":{"line":101,"column":5}},"18":{"start":{"line":81,"column":8},"end":{"line":96,"column":10}},"19":{"start":{"line":82,"column":12},"end":{"line":95,"column":13}},"20":{"start":{"line":84,"column":16},"end":{"line":87,"column":18}},"21":{"start":{"line":91,"column":16},"end":{"line":94,"column":18}},"22":{"start":{"line":100,"column":8},"end":{"line":100,"column":18}},"23":{"start":{"line":107,"column":0},"end":{"line":131,"column":1}},"24":{"start":{"line":108,"column":4},"end":{"line":130,"column":5}},"25":{"start":{"line":110,"column":8},"end":{"line":125,"column":10}},"26":{"start":{"line":111,"column":12},"end":{"line":124,"column":13}},"27":{"start":{"line":113,"column":16},"end":{"line":116,"column":18}},"28":{"start":{"line":120,"column":16},"end":{"line":123,"column":18}},"29":{"start":{"line":129,"column":8},"end":{"line":129,"column":18}},"30":{"start":{"line":136,"column":0},"end":{"line":160,"column":1}},"31":{"start":{"line":137,"column":4},"end":{"line":159,"column":5}},"32":{"start":{"line":139,"column":8},"end":{"line":154,"column":10}},"33":{"start":{"line":140,"column":12},"end":{"line":153,"column":13}},"34":{"start":{"line":142,"column":16},"end":{"line":145,"column":18}},"35":{"start":{"line":149,"column":16},"end":{"line":152,"column":18}},"36":{"start":{"line":158,"column":8},"end":{"line":158,"colum
[...]
":16},"end":{"line":62,"column":18}},"14":{"start":{"line":68,"column":8},"end":{"line":68,"column":18}},"15":{"start":{"line":75,"column":0},"end":{"line":99,"column":1}},"16":{"start":{"line":76,"column":4},"end":{"line":98,"column":5}},"17":{"start":{"line":78,"column":8},"end":{"line":93,"column":10}},"18":{"start":{"line":79,"column":12},"end":{"line":92,"column":13}},"19":{"start":{"line":81,"column":16},"end":{"line":84,"column":18}},"20":{"start":{"line":88,"column":16},"end":{"line":91,"column":18}},"21":{"start":{"line":97,"column":8},"end":{"line":97,"column":18}},"22":{"start":{"line":103,"column":0},"end":{"line":128,"column":1}},"23":{"start":{"line":104,"column":4},"end":{"line":127,"column":5}},"24":{"start":{"line":106,"column":8},"end":{"line":122,"column":10}},"25":{"start":{"line":107,"column":12},"end":{"line":121,"column":13}},"26":{"start":{"line":109,"column":16},"end":{"line":112,"column":18}},"27":{"start":{"line":117,"column":16},"end":{"line":120,"column":18}},"28":{"start":{"line":126,"column":8},"end":{"line":126,"column":18}}},"fnMap":{"0":{"name":"(anonymous_0)","decl":{"start":{"line":13,"column":19},"end":{"line":13,"column":20}},"loc":{"start":{"line":13,"column":44},"end":{"line":40,"column":1}},"line":13},"1":{"name":"(anonymous_1)","decl":{"start":{"line":17,"column":47},"end":{"line":17,"column":48}},"loc":{"start":{"line":17,"column":64},"end":{"line":33,"column":9}},"line":17},"2":{"name":"(anonymous_2)","decl":{"start":{"line":45,"column":23},"end":{"line":45,"column":24}},"loc":{"start":{"line":45,"column":48},"end":{"line":70,"column":1}},"line":45},"3":{"name":"(anonymous_3)","decl":{"start":{"line":49,"column":61},"end":{"line":49,"column":62}},"loc":{"start":{"line":49,"column":78},"end":{"line":64,"column":9}},"line":49},"4":{"name":"(anonymous_4)","decl":{"start":{"line":75,"column":22},"end":{"line":75,"column":23}},"loc":{"start":{"line":75,"column":42},"end":{"line":99,"column":1}},"line":75},"5":{"name":"(anonymous_5)","decl":{"start":{"line":78,"column":56},"end":{"line":78,"column":57}},"loc":{"start":{"line":78,"column":71},"end":{"line":93,"column":9}},"line":78},"6":{"name":"(anonymous_6)","decl":{"start":{"line":103,"column":22},"end":{"line":103,"column":23}},"loc":{"start":{"line":103,"column":42},"end":{"line":128,"column":1}},"line":103},"7":{"name":"(anonymous_7)","decl":{"start":{"line":106,"column":58},"end":{"line":106,"column":59}},"loc":{"start":{"line":106,"column":73},"end":{"line":122,"column":9}},"line":106}},"branchMap":{"0":{"loc":{"start":{"line":18,"column":12},"end":{"line":32,"column":13}},"type":"if","locations":[{"start":{"line":18,"column":12},"end":{"line":32,"column":13}},{"start":{"line":18,"column":12},"end":{"line":32,"column":13}}],"line":18},"1":{"loc":{"start":{"line":50,"column":12},"end":{"line":63,"column":13}},"type":"if","locations":[{"start":{"line":50,"column":12},"end":{"line":63,"column":13}},{"start":{"line":50,"column":12},"end":{"line":63,"column":13}}],"line":50},"2":{"loc":{"start":{"line":79,"column":12},"end":{"line":92,"column":13}},"type":"if","locations":[{"start":{"line":79,"column":12},"end":{"line":92,"column":13}},{"start":{"line":79,"column":12},"end":{"line":92,"column":13}}],"line":79},"3":{"loc":{"start":{"line":107,"column":12},"end":{"line":121,"column":13}},"type":"if","locations":[{"start":{"line":107,"column":12},"end":{"line":121,"column":13}},{"start":{"line":107,"column":12},"end":{"line":121,"column":13}}],"line":107}},"s":{"0":1,"1":1,"2":0,"3":0,"4":0,"5":0,"6":0,"7":0,"8":1,"9":0,"10":0,"11":0,"12":0,"13":0,"14":0,"15":1,"16":0,"17":0,"18":0,"19":0,"20":0,"21":0,"22":1,"23":0,"24":0,"25":0,"26":0,"27":0,"28":0},"f":{"0":0,"1":0,"2":0,"3":0,"4":0,"5":0,"6":0,"7":0},"b":{"0":[0,0],"1":[0,0],"2":[0,0],"3":[0,0]},"_coverageSchema":"43e27e138ebf9cfc5966b082cf9a028302ed4184","hash":"12f495b220945832458124af80a0a81a1123bb35","contentHash":"590cc03b29040abe11a8a28dd067317c"},"/home/bridgeit/Documents/Fundoo/server/services/LabelService.js":{"path":"/home/bridgeit/Documents/Fundoo/server/services/LabelService.js","statementMap":{"0":{"start":{"line":8,"column":18},"end":{"line":8,"column":52}},"1":{"start":{"line":9,"column":18},"end":{"line":9,"column":52}},"2":{"start":{"line":10,"column":19},"end":{"line":10,"column":54}},"3":{"start":{"line":11,"column":14},"end":{"line":11,"column":30}},"4":{"start":{"line":16,"column":0},"end":{"line":115,"column":1}},"5":{"start":{"line":17,"column":4},"end":{"line":17,"column":39}},"6":{"start":{"line":19,"column":4},"end":{"line":114,"column":5}},"7":{"start":{"line":23,"column":12},"end":{"line":30,"column":14}},"8":{"start":{"line":24,"column":16},"end":{"line":29,"column":17}},"9":{"start":{"line":25,"column":20},"end":{"line":25,"column":34}},"10":{"start":{"line":28,"column":20},"end":{"line":28,"column":45}},"11":{"start":{"line":33,"column":12},"end":{"line":33,"column":32}},"12":{"start":{"line":35,"column":12},"end":{"line":59,"column":14}},"13":{"start":{"line":36,"column":16},"end":{"line":57,"column":21}},"14":{"start":{"line":37,"column":20},"end":{"line":37,"column":34}},"15":{"start":{"line":54,"column":32},"end":{"line":54,"column":53}},"16":{"start":{"line":106,"column":16},"end":{"line":111,"column":17}},"17":{"start":{"line":107,"column":20},"end":{"line":107,"column":41}},"18":{"start":{"line":110,"column":20},"end":{"line":110,"column":50}},"19":{"start":{"line":120,"column":0},"end":{"line":130,"column":1}},"20":{"start":{"line":122,"column":4},"end":{"line":129,"column":6}},"21":{"start":{"line":123,"column":8},"end":{"line":128,"column":9}},"22":{"start":{"line":124,"column":12},"end":{"line":124,"column":33}},"23":{"start":{"line":127,"column":12},"end":{"line":127,"column":40}},"24":{"start":{"line":136,"column":0},"end":{"line":148,"column":1}},"25":{"start":{"line":137,"column":4},"end":{"line":137,"column":55}},"26":{"start":{"line":139,"column":4},"end":{"line":146,"column":6}},"27":{"start":{"line":140,"column":8},"end":{"line":145,"column":9}},"28":{"start":{"line":141,"column":12},"end":{"line":141,"column":33}},"29":{"start":{"line":144,"column":12},"end":{"line":144,"column":40}},"30":{"start":{"line":153,"column":0},"end":{"line":165,"column":1}},"31":{"start":{"line":154,"column":4},"end":{"line":154,"column":55}},"32":{"start":{"line":156,"column":4},"end":{"line":163,"column":6}},"33":{"start":{"line":157,"column":8},"end":{"line":162,"column":9}},"34":{"start":{"line":158,"column":12},"end":{"line":158,"column":33}},"35":{"start":{"line":161,"column":12},"end":{"line":161,"column":40}}},"fnMap":{"0":{"name":"(anonymous_0)","decl":{"start":{"line":16,"column":26},"end":{"line":16,"column":27}},"loc":{"start":{"line":16,"column":51},"end":{"line":115,"column":1}},"line":16},"1":{"name":"(anonymous_1)","decl":{"start":{"line":21,"column":8},"end":{"line":21,"column":9}},"loc":{"start":{"line":21,"column":28},"end":{"line":31,"column":9}},"line":21},"2":{"name":"(anonymous_2)","decl":{"start":{"line":23,"column":47},"end":{"line":23,"column":48}},"loc":{"start":{"line":23,"column":62},"end":{"line":30,"column":13}},"line":23},"3":{"name":"(anonymous_3)","decl":{"start":{"line":32,"column":8},"end":{"line":32,"column":9}},"loc":{"start":{"line":32,"column":36},"end":{"line":60,"column":9}},"line":32},"4":{"name":"(anonymous_4)","decl":{"start":{"line":35,"column":43},"end":{"line":35,"column":44}},"loc":{"start":{"line":35,"column":58},"end":{"line":59,"column":13}},"line":35},"5":{"name":"(anonymous_5)","decl":{"start":{"line":63,"column":8},"end":{"line":63,"column":9}},"loc":{"start":{"line":63,"column":31},"end":{"line":113,"column":9}},"line":63},"6":{"name":"(anonymous_6)","decl":{"start":{"line":120,"column":30},"end":{"line":120,"column":31}},"loc":{"start":{"line":120,"column":55},"end":{"line":130,"column":1}},"line":120},"7":{"name":"(anonymous_7)","decl":{"start":{"line":122,"column":38},"end":{"line":122,"column":39}},"loc":{"start":{"line":122,"column":53},"end":{"line":129,"column":5}},"line":122},"8":{"name":"(anonymous_8)","decl":{"start":{"line":136,"column":31},"end":{"line":136,"column":32}},"loc":{"start":{"line":136,"column":56},"end":{"line":148,"column":1}},"line":136},"9":{"name":"(anonymous_9)","decl":{"start":{"line":139,"column":39},"end":{"line":139,"column":40}},"loc":{"start":{"line":139,"column":54},"end":{"line":146,"column":5}},"line":139},"10":{"name":"(anonymous_10)","decl":{"start":{"line":153,"column":29},"end":{"line":153,"column":30}},"loc":{"start":{"line":153,"column":54},"end":{"line":165,"column":1}},"line":153},"11":{"name":"(anonymous_11)","decl":{"start":{"line":156,"column":37},"end":{"line":156,"column":38}},"loc":{"start":{"line":156,"column":52},"end":{"line":163,"column":5}},"line":156}},"branchMap":{"0":{"loc":{"start":{"line":24,"column":16},"end":{"line":29,"column":17}},"type":"if","locations":[{"start":{"line":24,"column":16},"end":{"line":29,"column":17}},{"start":{"line":24,"column":16},"end":{"line":29,"column":17}}],"line":24},"1":{"loc":{"start":{"line":36,"column":16},"end":{"line":57,"column":21}},"type":"if","locations":[{"start":{"line":36,"column":16},"end":{"line":57,"column":21}},{"start":{"line":36,"column":16},"end":{"line":57,"column":21}}],"line":36},"2":{"loc":{"start":{"line":106,"column":16},"end":{"line":111,"column":17}},"type":"if","locations":[{"start":{"line":106,"column":16},"end":{"line":111,"column":17}},{"start":{"line":106,"column":16},"end":{"line":111,"column":17}}],"line":106},"3":{"loc":{"start":{"line":123,"column":8},"end":{"line":128,"column":9}},"type":"if","locations":[{"start":{"line":123,"column":8},"end":{"line":128,"column":9}},{"start":{"line":123,"column":8},"end":{"line":128,"column":9}}],"line":123},"4":{"loc":{"start":{"line":140,"column":8},"end":{"line":145,"column":9}},"type":"if","locations":[{"start":{"line":140,"column":8},"end":{"line":145,"column":9}},{"start":{"line":140,"column":8},"end":{"line":145,"column":9}}],"line":140},"5":{"loc":{"start":{"line":157,"column":8},"end":{"line":162,"column":9}},"type":"if","locations":[{"start":{"line":157,"column":8},"end":{"line":162,"column":9}},{"start":{"line":157,"column":8},"end":{"line":162,"column":9}}],"line":157}},"s":{"0":1,"1":1,"2":1,"3":1,"4":1,"5":0,"6":0,"7":0,"8":0,"9":0,"10":0,"11":0,"12":0,"13":0,"14":0,"15":0,"16":0,"17":0,"18":0,"19":1,"20":0,"21":0,"22":0,"23":0,"24":1,"25":0,"26":0,"27":0,"28":0,"29":0,"30":1,"31":0,"32":0,"33":0,"34":0,"35":0},"f":{"0":0,"1":0,"2":0,"3":0,"4":0,"5":0,"6":0,"7":0,"8":0,"9":0,"10":0,"11":0},"b":{"0":[0,0],"1":[0,0],"2":[0,0],"3":[0,0],"4":[0,0],"5":[0,0]},"_coverageSchema":"43e27e138ebf9cfc5966b082cf9a028302ed4184","hash":"1a295cecd6b91b2a11860eb02638762dae6cd977","contentHash":"a9e551100303f8d4d45af3f0124a317a"},"/home/bridgeit/Documents/Fundoo/server/app/models/LabelModel.js":{"path":"/home/bridgeit/Documents/Fundoo/server/app/models/LabelModel.js","statementMap":{"0":{"start":{"line":8,"column":17},"end":{"line":8,"column":36}},"1":{"start":{"line":9,"column":15},"end":{"line":9,"column":30}},"2":{"start":{"line":10,"column":0},"end":{"line":10,"column":40}},"3":{"start":{"line":15,"column":18},"end":{"line":23,"column":2}},"4":{"start":{"line":28,"column":14},"end":{"line":28,"column":48}},"5":{"start":{"line":37,"column":0},"end":{"line":59,"column":1}},"6":{"start":{"line":39,"column":2},"end":{"line":39,"column":26}},"7":{"start":{"line":41,"column":17},"end":{"line":45,"column":4}},"8":{"start":{"line":47,"column":2},"end":{"line":58,"column":4}},"9":{"start":{"line":48,"column":4},"end":{"line":57,"column":5}},"10":{"start":{"line":49,"column":6},"end":{"line":49,"column":39}},"11":{"start":{"line":51,"column":6},"end":{"line":51,"column":27}},"12":{"start":{"line":54,"column":6},"end":{"line":54,"column":33}},"13":{"start":{"line":56,"column":6},"end":{"line":56,"column":36}},"14":{"start":{"line":65,"column":0},"end":{"line":78,"column":1}},"15":{"start":{"line":68,"column":2},"end":{"line":77,"column":4}},"16":{"start":{"line":69,"column":4},"end":{"line":76,"column":5}},"17":{"start":{"line":70,"column":6},"end":{"line":70,"column":50}},"18":{"start":{"line":71,"column":6},"end":{"line":71,"column":27}},"19":{"start":{"line":75,"column":6},"end":{"line":75,"column":36}},"20":{"start":{"line":83,"column":0},"end":{"line":95,"column":1}},"21":{"start":{"line":85,"column":2},"end":{"line":94,"column":4}},"22":{"start":{"line":86,"column":4},"end":{"line":93,"column":5}},"23":{"start":{"line":87,"column":6},"end":{"line":87,"column":58}},"24":{"start":{"line":88,"column":6},"end":{"line":88,"column":27}},"25":{"start":{"line":91,"column":6},"end":{"line":91,"column":58}},"26":{"start":{"line":92,"column":6},"end":{"line":92,"column":36}},"27":{"start":{"line":101,"column":0},"end":{"line":114,"column":1}},"28":{"start":{"line":103,"column":2},"end":{"line":112,"column":4}},"29":{"start":{"line":104,"column":4},"end":{"line":111,"column":5}},"30":{"start":{"line":105,"column":6},"end":{"line":105,"column":55}},"31":{"start":{"line":106,"column":6},"end":{"line":106,"column":27}},"32":{"start":{"line":110,"column":6},"end":{"line":110,"column":36}},"33":{"start":{"line":120,"column":0},"end":{"line":133,"column":1}},"34":{"start":{"line":122,"column":2},"end":{"line":131,"column":4}},"35":{"start":{"line":123,"column":4},"end":{"line":130,"column":5}},"36":{"start":{"line":124,"column":6},"end":{"line":124,"column":55}},"37":{"start":{"line":125,"column":6},"end":{"line":125,"column":27}},"38":{"start":{"line":129,"column":6},"end":{"line":129,"column":36}},"39":{"start":{"line":139,"column":0},"end":{"line":149,"column":1}},"40":{"start":{"line":141,"column":2},"end":{"line":148,"column":4}},"41":{"start":{"line":142,"column":4},"end":{"line":147,"column":5}},"42":{"start":{"line":143,"column":6},"end":{"line":143,"column":27}},"43":{"start":{"line":146,"column":6},"end":{"line":146,"column":36}},"44":{"start":{"line":155,"column":0},"end":{"line":168,"column":3}},"45":{"start":{"line":157,"column":4},"end":{"line":167,"column":6}},"46":{"start":{"line":158,"column":6},"end":{"line":166,"column":7}},"47":{"start":{"line":160,"column":8},"end":{"line":160,"column":29}},"48":{"start":{"line":164,"column":8},"end":{"line":164,"column":39}},"49":{"start":{"line":165,"column":8},"end":{"line":165,"column":38}},"50":{"start":{"line":174,"column":0},"end":{"line":174,"column":35}}},"fnMap":{"0":{"name":"labelFunction","decl":{"start":{"line":30,"column":9},"end":{"line":30,"column":22}},"loc":{"start":{"line":30,"column":25},"end":{"line":32,"column":1}},"line":30},"1":{"name":"(anonymous_1)","decl":{"start":{"line":37,"column":41},"end":{"line":37,"column":42}},"loc":{"start":{"line":37,"column":60},"end":{"line":59,"column":1}},"line":37},"2":{"name":"(anonymous_2)","decl":{"start":{"line":47,"column":16},"end":{"line":47,"column":17}},"loc":{"start":{"line":47,"column":39},"end":{"line":58,"column":3}},"line":47},"3":{"name":"(anonymous_3)","decl":{"start":{"line":65,"column":44},"end":{"line":65,"column":45}},"loc":{"start":{"line":65,"column":63},"end":{"line":78,"column":1}},"line":65},"4":{"name":"(anonymous_4)","decl":{"start":{"line":68,"column":30},"end":{"line":68,"column":31}},"loc":{"start":{"line":68,"column":53},"end":{"line":77,"column":3}},"line":68},"5":{"name":"(anonymous_5)","decl":{"start":{"line":83,"column":49},"end":{"line":83,"column":50}},"loc":{"start":{"line":83,"column":75},"end":{"line":95,"column":1}},"line":83},"6":{"name":"(anonymous_6)","decl":{"start":{"line":85,"column":36},"end":{"line":85,"column":37}},"loc":{"start":{"line":85,"column":59},"end":{"line":94,"column":3}},"line":85},"7":{"name":"(anonymous_7)","decl":{"start":{"line":101,"column":43},"end":{"line":101,"column":44}},"loc":{"start":{"line":101,"column":62},"end":{"line":114,"column":1}},"line":101},"8":{"name":"(anonymous_8)","decl":{"start":{"line":103,"column":40},"end":{"line":103,"column":41}},"loc":{"start":{"line":103,"column":57},"end":{"line":112,"column":3}},"line":103},"9":{"name":"(anonymous_9)","decl":{"start":{"line":120,"column":49},"end":{"line":120,"column":50}},"loc":{"start":{"line":120,"column":68},"end":{"line":133,"column":1}},"line":120},"10":{"name":"(anonymous_10)","decl":{"start":{"line":122,"column":84},"end":{"line":122,"column":85}},"loc":{"start":{"line":122,"column":101},"end":{"line":131,"column":3}},"line":122},"11":{"name":"(anonymous_11)","decl":{"start":{"line":139,"column":45},"end":{"line":139,"column":46}},"loc":{"start":{"line":139,"column":64},"end":{"line":149,"column":1}},"line":139},"12":{"name":"(anonymous_12)","decl":{"start":{"line":141,"column":32},"end":{"line":141,"column":33}},"loc":{"start":{"line":141,"column":55},"end":{"line":148,"column":3}},"line":141},"13":{"name":"(anonymous_13)","decl":{"start":{"line":155,"column":49},"end":{"line":155,"column":50}},"loc":{"start":{"line":155,"column":68},"end":{"line":168,"column":3}},"line":155},"14":{"name":"(anonymous_14)","decl":{"start":{"line":157,"column":40},"end":{"line":157,"column":41}},"loc":{"start":{"line":157,"column":63},"end":{"line":167,"column":5}},"line":157}},"branchMap":{"0":{"loc":{"start":{"line":48,"column":4},"end":{"line":57,"column":5}},"type":"if","locations":[{"start":{"line":48,"column":4},"end":{"line":57,"column":5}},{"start":{"line":48,"column":4},"end":{"line":57,"column":5}}],"line":48},"1":{"loc":{"start":{"line":69,"column":4},"end":{"line":76,"column":5}},"type":"if","locations":[{"start":{"line":69,"column":4},"end":{"line":76,"column":5}},{"start":{"line":69,"column":4},"end":{"line":76,"column":5}}],"line":69},"2":{"loc":{"start":{"line":86,"column":4},"end":{"line":93,"column":5}},"type":"if","locations":[{"start":{"line":86,"column":4},"end":{"line":93,"column":5}},{"start":{"line":86,"column":4},"end":{"line":93,"column":5}}],"line":86},"3":{"loc":{"start":{"line":104,"column":4},"end":{"line":111,"column":5}},"type":"if","locations":[{"start":{"line":104,"column":4},"end":{"line":111,"column":5}},{"start":{"line":104,"column":4},"end":{"line":111,"column":5}}],"line":104},"4":{"loc":{"start":{"line":123,"column":4},"end":{"line":130,"column":5}},"type":"if","locations":[{"start":{"line":123,"column":4},"end":{"line":130,"column":5}},{"start":{"line":123,"column":4},"end":{"line":130,"column":5}}],"line":123},"5":{"loc":{"start":{"line":142,"column":4},"end":{"line":147,"column":5}},"type":"if","locations":[{"start":{"line":142,"column":4},"end":{"line":147,"column":5}},{"start":{"line":142,"column":4},"end":{"line":147,"column":5}}],"line":142},"6":{"loc":{"start":{"line":158,"column":6},"end":{"line":166,"column":7}},"type":"if","locations":[{"start":{"line":158,"column":6},"end":{"line":166,"column":7}},{"start":{"line":158,"column":6},"end":{"line":166,"column":7}}],"line":158}},"s":{"0":1,"1":1,"2":1,"3":1,"4":1,"5":1,"6":0,"7":0,"8":0,"9":0,"10":0,"11":0,"12":0,"13":0,"14":1,"15":0,"16":0,"17":0,"18":0,"19":0,"20":1,"21":0,"22":0,"23":0,"24":0,"25":0,"26":0,"27":1,"28":0,"29":0,"30":0,"31":0,"32":0,"33":1,"34":0,"35":0,"36":0,"37":0,"38":0,"39":1,"40":0,"41":0,"42":0,"43":0,"44":1,"45":0,"46":0,"47":0,"48":0,"49":0,"50":1},"f":{"0":1,"1":0,"2":0,"3":0,"4":0,"5":0,"6":0,"7":0,"8":0,"9":0,"10":0,"11":0,"12":0,"13":0,"14":0},"b":{"0":[0,0],"1":[0,0],"2":[0,0],"3":[0,0],"4":[0,0],"5":[0,0],"6":[0,0]},"_coverageSchema":"43e27e138ebf9cfc5966b082cf9a028302ed4184","hash":"7d97983de27dc651235d85fd3f0df35e9f99a619","contentHash":"5e1a3a417354597bdb61bf4dea42de96"},"/home/bridgeit/Documents/Fundoo/server/config/dbconfig.js":{"path":"/home/bridgeit/Documents/Fundoo/server/config/dbconfig.js","statementMap":{"0":{"start":{"line":1,"column":0},"end":{"line":1,"column":53}}},"fnMap":{},"branchMap":{},"s":{"0":1},"f":{},"b":{},"_coverageSchema":"43e27e138ebf9cfc5966b082cf9a028302ed4184","hash":"5becee8859fa5361ee5a9eda02d9c42619bdec19","contentHash":"36b76757993c85a15b59b11fc99efc82"}}